#
# A fatal error has been detected by the Java Runtime Environment:
#
#  EXCEPTION_ACCESS_VIOLATION (0xc0000005) at pc=0x00007ffbad986d3b, pid=7144, tid=5792
#
# JRE version: OpenJDK Runtime Environment Temurin-17.0.8.1+1 (17.0.8.1+1) (build 17.0.8.1+1)
# Java VM: OpenJDK 64-Bit Server VM Temurin-17.0.8.1+1 (17.0.8.1+1, mixed mode, tiered, compressed oops, compressed class ptrs, parallel gc, windows-amd64)
# Problematic frame:
# V  [jvm.dll+0x7a6d3b]
#
# No core dump will be written. Minidumps are not enabled by default on client versions of Windows
#
# If you would like to submit a bug report, please visit:
#   https://github.com/adoptium/adoptium-support/issues
#

---------------  S U M M A R Y ------------

Command Line: --add-modules=ALL-SYSTEM --add-opens=java.base/java.util=ALL-UNNAMED --add-opens=java.base/java.lang=ALL-UNNAMED --add-opens=java.base/sun.nio.fs=ALL-UNNAMED -Declipse.application=org.eclipse.jdt.ls.core.id1 -Dosgi.bundles.defaultStartLevel=4 -Declipse.product=org.eclipse.jdt.ls.core.product -Djava.import.generatesMetadataFilesAtProjectRoot=false -DDetectVMInstallationsJob.disabled=true -Dfile.encoding=utf8 -XX:+UseParallelGC -XX:GCTimeRatio=4 -XX:AdaptiveSizePolicyWeight=90 -Dsun.zip.disableMemoryMapping=true -Xmx1G -Xms100m -Xlog:disable -javaagent:c:\Users\tseli\.vscode\extensions\redhat.java-1.22.0-win32-x64\lombok\lombok-1.18.28.jar -XX:+HeapDumpOnOutOfMemoryError -XX:HeapDumpPath=c:\Users\tseli\AppData\Roaming\Code\User\workspaceStorage\9e7183965239393691affd604b5ae629\redhat.java -Daether.dependencyCollector.impl=bf c:\Users\tseli\.vscode\extensions\redhat.java-1.22.0-win32-x64\server\plugins\org.eclipse.equinox.launcher_1.6.500.v20230717-2134.jar -configuration c:\Users\tseli\AppData\Roaming\Code\User\globalStorage\redhat.java\1.22.0\config_win -data c:\Users\tseli\AppData\Roaming\Code\User\workspaceStorage\9e7183965239393691affd604b5ae629\redhat.java\jdt_ws

Host: 11th Gen Intel(R) Core(TM) i5-1135G7 @ 2.40GHz, 8 cores, 7G,  Windows 11 , 64 bit Build 22621 (10.0.22621.2215)
Time: Wed Sep 13 19:33:50 2023 India Standard Time elapsed time: 9.852382 seconds (0d 0h 0m 9s)

---------------  T H R E A D  ---------------

Current thread (0x000002ccfce85300):  JavaThread "ForkJoinPool.commonPool-worker-1" daemon [_thread_in_vm, id=5792, stack(0x000000eae2c00000,0x000000eae2d00000)]

Stack: [0x000000eae2c00000,0x000000eae2d00000],  sp=0x000000eae2cf7660,  free space=989k
Native frames: (J=compiled Java code, j=interpreted, Vv=VM code, C=native code)
V  [jvm.dll+0x7a6d3b]
V  [jvm.dll+0x7a6c73]
V  [jvm.dll+0x7a7143]
V  [jvm.dll+0x750dda]
V  [jvm.dll+0x750828]
V  [jvm.dll+0x62a962]
V  [jvm.dll+0x22652f]
V  [jvm.dll+0x22674d]
V  [jvm.dll+0x215a18]
V  [jvm.dll+0x215e6f]
V  [jvm.dll+0x187db0]
C  0x000002cc8762b1f9

Java frames: (J=compiled Java code, j=interpreted, Vv=VM code)
v  ~RuntimeStub::counter_overflow Runtime1 stub
J 3898 c1 jdk.internal.org.objectweb.asm.Frame.execute(IILjdk/internal/org/objectweb/asm/Symbol;Ljdk/internal/org/objectweb/asm/SymbolTable;)V java.base@17.0.8.1 (2318 bytes) @ 0x000002cc80814a6d [0x000002cc8080f440+0x000000000000562d]
J 949 c1 jdk.internal.org.objectweb.asm.MethodWriter.visitVarInsn(II)V java.base@17.0.8.1 (302 bytes) @ 0x000002cc8018ef7c [0x000002cc8018ebe0+0x000000000000039c]
J 2074 c1 java.lang.invoke.InvokerBytecodeGenerator.emitLoadInsn(Ljava/lang/invoke/LambdaForm$BasicType;I)V java.base@17.0.8.1 (21 bytes) @ 0x000002cc803cd994 [0x000002cc803cd840+0x0000000000000154]
J 2076 c1 java.lang.invoke.InvokerBytecodeGenerator.emitPushArgument(Ljava/lang/Class;Ljava/lang/Object;)V java.base@17.0.8.1 (151 bytes) @ 0x000002cc803cfa0c [0x000002cc803cee60+0x0000000000000bac]
J 2732 c1 java.lang.invoke.InvokerBytecodeGenerator.emitPushArguments(Ljava/lang/invoke/LambdaForm$Name;I)V java.base@17.0.8.1 (45 bytes) @ 0x000002cc8056d8e4 [0x000002cc8056d680+0x0000000000000264]
J 3101 c1 java.lang.invoke.InvokerBytecodeGenerator.emitStaticInvoke(Ljava/lang/invoke/MemberName;Ljava/lang/invoke/LambdaForm$Name;)V java.base@17.0.8.1 (258 bytes) @ 0x000002cc8065a9ac [0x000002cc8065a5a0+0x000000000000040c]
j  java.lang.invoke.InvokerBytecodeGenerator.addMethod()V+697 java.base@17.0.8.1
j  java.lang.invoke.InvokerBytecodeGenerator.generateCustomizedCodeBytes()[B+6 java.base@17.0.8.1
j  java.lang.invoke.InvokerBytecodeGenerator.generateCustomizedCode(Ljava/lang/invoke/LambdaForm;Ljava/lang/invoke/MethodType;)Ljava/lang/invoke/MemberName;+27 java.base@17.0.8.1
J 8057 c1 java.lang.invoke.LambdaForm.compileToBytecode()V java.base@17.0.8.1 (164 bytes) @ 0x000002cc80252c64 [0x000002cc80252a60+0x0000000000000204]
J 1530 c1 java.lang.invoke.LambdaForm.prepare()V java.base@17.0.8.1 (112 bytes) @ 0x000002cc802c696c [0x000002cc802c67c0+0x00000000000001ac]
J 1529 c1 java.lang.invoke.MethodHandle.<init>(Ljava/lang/invoke/MethodType;Ljava/lang/invoke/LambdaForm;)V java.base@17.0.8.1 (37 bytes) @ 0x000002cc802c609c [0x000002cc802c5e80+0x000000000000021c]
J 2445 c1 java.lang.invoke.BoundMethodHandle.<init>(Ljava/lang/invoke/MethodType;Ljava/lang/invoke/LambdaForm;)V java.base@17.0.8.1 (32 bytes) @ 0x000002cc804d07c4 [0x000002cc804d0740+0x0000000000000084]
j  java.lang.invoke.BoundMethodHandle$Species_LLLLL.<init>(Ljava/lang/invoke/MethodType;Ljava/lang/invoke/LambdaForm;Ljava/lang/Object;Ljava/lang/Object;Ljava/lang/Object;Ljava/lang/Object;Ljava/lang/Object;)V+3 java.base@17.0.8.1
j  java.lang.invoke.BoundMethodHandle$Species_LLLLL.make(Ljava/lang/invoke/MethodType;Ljava/lang/invoke/LambdaForm;Ljava/lang/Object;Ljava/lang/Object;Ljava/lang/Object;Ljava/lang/Object;Ljava/lang/Object;)Ljava/lang/invoke/BoundMethodHandle;+14 java.base@17.0.8.1
j  java.lang.invoke.DirectMethodHandle$Holder.invokeStatic(Ljava/lang/Object;Ljava/lang/Object;Ljava/lang/Object;Ljava/lang/Object;Ljava/lang/Object;Ljava/lang/Object;Ljava/lang/Object;Ljava/lang/Object;)Ljava/lang/Object;+22 java.base@17.0.8.1
j  java.lang.invoke.BoundMethodHandle$Species_LLLL.copyWithExtendL(Ljava/lang/invoke/MethodType;Ljava/lang/invoke/LambdaForm;Ljava/lang/Object;)Ljava/lang/invoke/BoundMethodHandle;+26 java.base@17.0.8.1
J 7045 c1 java.lang.invoke.MethodHandles.argumentsWithCombiner(ZLjava/lang/invoke/MethodHandle;ILjava/lang/invoke/MethodHandle;[I)Ljava/lang/invoke/MethodHandle; java.base@17.0.8.1 (130 bytes) @ 0x000002cc80d500f4 [0x000002cc80d4f620+0x0000000000000ad4]
j  java.lang.invoke.MethodHandles.filterArgumentsWithCombiner(Ljava/lang/invoke/MethodHandle;ILjava/lang/invoke/MethodHandle;[I)Ljava/lang/invoke/MethodHandle;+5 java.base@17.0.8.1
j  java.lang.invoke.StringConcatFactory.generateMHInlineCopy(Ljava/lang/invoke/MethodType;Ljava/util/List;)Ljava/lang/invoke/MethodHandle;+514 java.base@17.0.8.1
j  java.lang.invoke.StringConcatFactory.makeConcatWithConstants(Ljava/lang/invoke/MethodHandles$Lookup;Ljava/lang/String;Ljava/lang/invoke/MethodType;Ljava/lang/String;[Ljava/lang/Object;)Ljava/lang/invoke/CallSite;+220 java.base@17.0.8.1
j  java.lang.invoke.DirectMethodHandle$Holder.invokeStatic(Ljava/lang/Object;Ljava/lang/Object;Ljava/lang/Object;Ljava/lang/Object;Ljava/lang/Object;Ljava/lang/Object;)Ljava/lang/Object;+18 java.base@17.0.8.1
j  java.lang.invoke.DelegatingMethodHandle$Holder.delegate(Ljava/lang/Object;Ljava/lang/Object;Ljava/lang/Object;Ljava/lang/Object;Ljava/lang/Object;Ljava/lang/Object;)Ljava/lang/Object;+21 java.base@17.0.8.1
J 5146 c1 java.lang.invoke.BootstrapMethodInvoker.invoke(Ljava/lang/Class;Ljava/lang/invoke/MethodHandle;Ljava/lang/String;Ljava/lang/Object;Ljava/lang/Object;Ljava/lang/Class;)Ljava/lang/Object; java.base@17.0.8.1 (974 bytes) @ 0x000002cc802aca84 [0x000002cc802ab720+0x0000000000001364]
J 5145 c1 java.lang.invoke.CallSite.makeSite(Ljava/lang/invoke/MethodHandle;Ljava/lang/String;Ljava/lang/invoke/MethodType;Ljava/lang/Object;Ljava/lang/Class;)Ljava/lang/invoke/CallSite; java.base@17.0.8.1 (91 bytes) @ 0x000002cc80052644 [0x000002cc800525c0+0x0000000000000084]
J 3505 c1 java.lang.invoke.MethodHandleNatives.linkCallSiteImpl(Ljava/lang/Class;Ljava/lang/invoke/MethodHandle;Ljava/lang/String;Ljava/lang/invoke/MethodType;Ljava/lang/Object;[Ljava/lang/Object;)Ljava/lang/invoke/MemberName; java.base@17.0.8.1 (44 bytes) @ 0x000002cc80733f2c [0x000002cc80733ec0+0x000000000000006c]
J 3504 c1 java.lang.invoke.MethodHandleNatives.linkCallSite(Ljava/lang/Object;ILjava/lang/Object;Ljava/lang/Object;Ljava/lang/Object;Ljava/lang/Object;[Ljava/lang/Object;)Ljava/lang/invoke/MemberName; java.base@17.0.8.1 (66 bytes) @ 0x000002cc80732c64 [0x000002cc80732860+0x0000000000000404]
v  ~StubRoutines::call_stub
j  org.eclipse.jdt.internal.formatter.CommentsPreparator.<clinit>()V+93
v  ~StubRoutines::call_stub
j  org.eclipse.jdt.internal.formatter.DefaultCodeFormatter.prepareComments()V+0
j  org.eclipse.jdt.internal.formatter.DefaultCodeFormatter.prepareFormattedCode(Ljava/lang/String;I)Ljava/util/List;+46
j  org.eclipse.jdt.internal.formatter.DefaultCodeFormatter.format(ILjava/lang/String;[Lorg/eclipse/jface/text/IRegion;ILjava/lang/String;)Lorg/eclipse/text/edits/TextEdit;+57
j  org.eclipse.jdt.internal.formatter.DefaultCodeFormatter.format(ILjava/lang/String;IIILjava/lang/String;)Lorg/eclipse/text/edits/TextEdit;+24
j  org.eclipse.jdt.internal.core.dom.rewrite.ASTRewriteFormatter.formatString(ILjava/lang/String;III)Lorg/eclipse/text/edits/TextEdit;+18
j  org.eclipse.jdt.internal.core.dom.rewrite.ASTRewriteFormatter.formatNode(Lorg/eclipse/jdt/core/dom/ASTNode;Ljava/lang/String;I)Lorg/eclipse/text/edits/TextEdit;+546
j  org.eclipse.jdt.internal.core.dom.rewrite.ASTRewriteFormatter.getFormattedResult(Lorg/eclipse/jdt/core/dom/ASTNode;ILjava/util/Collection;)Ljava/lang/String;+46
j  org.eclipse.jdt.internal.core.dom.rewrite.ASTRewriteAnalyzer.doTextInsert(ILorg/eclipse/jdt/core/dom/ASTNode;IZLorg/eclipse/text/edits/TextEditGroup;)V+17
j  org.eclipse.jdt.internal.core.dom.rewrite.ASTRewriteAnalyzer$ListRewriter.rewriteList(Lorg/eclipse/jdt/core/dom/ASTNode;Lorg/eclipse/jdt/core/dom/StructuralPropertyDescriptor;Ljava/lang/String;Ljava/lang/String;I)I+984
j  org.eclipse.jdt.internal.core.dom.rewrite.ASTRewriteAnalyzer$ListRewriter.rewriteList(Lorg/eclipse/jdt/core/dom/ASTNode;Lorg/eclipse/jdt/core/dom/StructuralPropertyDescriptor;ILjava/lang/String;Ljava/lang/String;)I+13
j  org.eclipse.jdt.internal.core.dom.rewrite.ASTRewriteAnalyzer.rewriteNodeList(Lorg/eclipse/jdt/core/dom/ASTNode;Lorg/eclipse/jdt/core/dom/StructuralPropertyDescriptor;ILjava/lang/String;Ljava/lang/String;)I+36
j  org.eclipse.jdt.internal.core.dom.rewrite.ASTRewriteAnalyzer.visit(Lorg/eclipse/jdt/core/dom/MethodInvocation;)Z+97
j  org.eclipse.jdt.core.dom.MethodInvocation.accept0(Lorg/eclipse/jdt/core/dom/ASTVisitor;)V+2
J 7984 c1 org.eclipse.jdt.core.dom.ASTNode.accept(Lorg/eclipse/jdt/core/dom/ASTVisitor;)V (40 bytes) @ 0x000002cc808b6c94 [0x000002cc808b6a00+0x0000000000000294]
j  org.eclipse.jdt.internal.core.dom.rewrite.ASTRewriteAnalyzer.voidVisit(Lorg/eclipse/jdt/core/dom/ASTNode;)V+2
j  org.eclipse.jdt.internal.core.dom.rewrite.ASTRewriteAnalyzer.voidVisit(Lorg/eclipse/jdt/core/dom/ASTNode;Lorg/eclipse/jdt/core/dom/StructuralPropertyDescriptor;)V+23
j  org.eclipse.jdt.internal.core.dom.rewrite.ASTRewriteAnalyzer.doVisitUnchangedChildren(Lorg/eclipse/jdt/core/dom/ASTNode;)Z+22
j  org.eclipse.jdt.internal.core.dom.rewrite.ASTRewriteAnalyzer.visit(Lorg/eclipse/jdt/core/dom/ExpressionStatement;)Z+10
j  org.eclipse.jdt.core.dom.ExpressionStatement.accept0(Lorg/eclipse/jdt/core/dom/ASTVisitor;)V+2
J 7984 c1 org.eclipse.jdt.core.dom.ASTNode.accept(Lorg/eclipse/jdt/core/dom/ASTVisitor;)V (40 bytes) @ 0x000002cc808b6c94 [0x000002cc808b6a00+0x0000000000000294]
j  org.eclipse.jdt.internal.core.dom.rewrite.ASTRewriteAnalyzer.voidVisit(Lorg/eclipse/jdt/core/dom/ASTNode;)V+2
j  org.eclipse.jdt.internal.core.dom.rewrite.ASTRewriteAnalyzer$ListRewriter.rewriteList(Lorg/eclipse/jdt/core/dom/ASTNode;Lorg/eclipse/jdt/core/dom/StructuralPropertyDescriptor;Ljava/lang/String;Ljava/lang/String;I)I+1010
j  org.eclipse.jdt.internal.core.dom.rewrite.ASTRewriteAnalyzer$ListRewriter.rewriteList(Lorg/eclipse/jdt/core/dom/ASTNode;Lorg/eclipse/jdt/core/dom/StructuralPropertyDescriptor;ILjava/lang/String;)I+7
j  org.eclipse.jdt.internal.core.dom.rewrite.ASTRewriteAnalyzer.rewriteParagraphList(Lorg/eclipse/jdt/core/dom/ASTNode;Lorg/eclipse/jdt/core/dom/StructuralPropertyDescriptor;IIII)I+117
j  org.eclipse.jdt.internal.core.dom.rewrite.ASTRewriteAnalyzer.visit(Lorg/eclipse/jdt/core/dom/Block;)Z+59
j  org.eclipse.jdt.core.dom.Block.accept0(Lorg/eclipse/jdt/core/dom/ASTVisitor;)V+2
J 7984 c1 org.eclipse.jdt.core.dom.ASTNode.accept(Lorg/eclipse/jdt/core/dom/ASTVisitor;)V (40 bytes) @ 0x000002cc808b6c94 [0x000002cc808b6a00+0x0000000000000294]
j  org.eclipse.jdt.core.dom.rewrite.ASTRewrite.internalRewriteAST([CLorg/eclipse/jdt/internal/core/dom/rewrite/LineInformation;Ljava/lang/String;Ljava/util/List;Ljava/util/Map;Lorg/eclipse/jdt/core/dom/ASTNode;Lorg/eclipse/jdt/internal/compiler/parser/RecoveryScannerData;)Lorg/eclipse/text/edits/TextEdit;+58
j  org.eclipse.jdt.core.dom.rewrite.ASTRewrite.rewriteAST()Lorg/eclipse/text/edits/TextEdit;+162
j  org.eclipse.jdt.internal.corext.refactoring.structure.CompilationUnitRewrite.attachChange(Lorg/eclipse/jdt/core/refactoring/CompilationUnitChange;ZLorg/eclipse/core/runtime/IProgressMonitor;)Lorg/eclipse/jdt/core/refactoring/CompilationUnitChange;+190
j  org.eclipse.jdt.internal.corext.refactoring.structure.CompilationUnitRewrite.createChange(Ljava/lang/String;ZLorg/eclipse/core/runtime/IProgressMonitor;)Lorg/eclipse/jdt/core/refactoring/CompilationUnitChange;+35
j  org.eclipse.jdt.internal.corext.refactoring.code.InlineTempRefactoring.checkFinalConditions(Lorg/eclipse/core/runtime/IProgressMonitor;)Lorg/eclipse/ltk/core/refactoring/RefactoringStatus;+50
j  org.eclipse.ltk.core.refactoring.Refactoring.checkAllConditions(Lorg/eclipse/core/runtime/IProgressMonitor;)Lorg/eclipse/ltk/core/refactoring/RefactoringStatus;+83
j  org.eclipse.jdt.ls.core.internal.corrections.RefactorProcessor.getInlineProposal(Lorg/eclipse/jdt/ls/core/internal/corrections/IInvocationContext;Lorg/eclipse/jdt/core/dom/ASTNode;Ljava/util/Collection;)Z+365
j  org.eclipse.jdt.ls.core.internal.corrections.RefactorProcessor.getProposals(Lorg/eclipse/lsp4j/CodeActionParams;Lorg/eclipse/jdt/ls/core/internal/corrections/IInvocationContext;[Lorg/eclipse/jdt/internal/ui/text/correction/IProblemLocationCore;)Ljava/util/List;+120
j  org.eclipse.jdt.ls.core.internal.handlers.CodeActionHandler.getCodeActionCommands(Lorg/eclipse/lsp4j/CodeActionParams;Lorg/eclipse/core/runtime/IProgressMonitor;)Ljava/util/List;+536
j  org.eclipse.jdt.ls.core.internal.handlers.JDTLanguageServer.lambda$14(Lorg/eclipse/jdt/ls/core/internal/handlers/CodeActionHandler;Lorg/eclipse/lsp4j/CodeActionParams;Lorg/eclipse/core/runtime/IProgressMonitor;)Ljava/util/List;+16
j  org.eclipse.jdt.ls.core.internal.handlers.JDTLanguageServer$$Lambda$528+0x0000000100731490.apply(Ljava/lang/Object;)Ljava/lang/Object;+16
j  org.eclipse.jdt.ls.core.internal.BaseJDTLanguageServer.lambda$0(Ljava/util/function/Function;Lorg/eclipse/lsp4j/jsonrpc/CancelChecker;)Ljava/lang/Object;+6
j  org.eclipse.jdt.ls.core.internal.BaseJDTLanguageServer$$Lambda$479+0x0000000100667650.apply(Ljava/lang/Object;)Ljava/lang/Object;+12
j  java.util.concurrent.CompletableFuture$UniApply.tryFire(I)Ljava/util/concurrent/CompletableFuture;+106 java.base@17.0.8.1
j  java.util.concurrent.CompletableFuture$Completion.exec()Z+2 java.base@17.0.8.1
j  java.util.concurrent.ForkJoinTask.doExec()I+10 java.base@17.0.8.1
j  java.util.concurrent.ForkJoinPool$WorkQueue.topLevelExec(Ljava/util/concurrent/ForkJoinTask;Ljava/util/concurrent/ForkJoinPool$WorkQueue;)V+13 java.base@17.0.8.1
j  java.util.concurrent.ForkJoinPool.scan(Ljava/util/concurrent/ForkJoinPool$WorkQueue;II)I+193 java.base@17.0.8.1
j  java.util.concurrent.ForkJoinPool.runWorker(Ljava/util/concurrent/ForkJoinPool$WorkQueue;)V+53 java.base@17.0.8.1
j  java.util.concurrent.ForkJoinWorkerThread.run()V+31 java.base@17.0.8.1
v  ~StubRoutines::call_stub

siginfo: EXCEPTION_ACCESS_VIOLATION (0xc0000005), writing address 0x000000eb2ad07716


Register to memory mapping:

RIP=0x00007ffbad986d3b jvm.dll
RAX=0x000002ccfa0e0518 points into unknown readable memory: 0x646a00253e73ffff | ff ff 73 3e 25 00 6a 64
RBX=0x000002cc8f2b3730 points into unknown readable memory: 0x0000000000000000 | 00 00 00 00 00 00 00 00
RCX=0x000002ccfa17c588 points into unknown readable memory: 0x000002ccfa0e0518 | 18 05 0e fa cc 02 00 00
RDX=0x000000eae2cf76d8 is pointing into the stack for thread: 0x000002ccfce85300
RSP=0x000000eae2cf7660 is pointing into the stack for thread: 0x000002ccfce85300
RBP=0x000002ccfa10cb42 points into unknown readable memory: 6a 64 6b 2f 69 6e
RSI=0x0000000000000025 is an unknown value
RDI=0x0000000068629fa5 is an unknown value
R8 =0x0 is NULL
R9 =0x0 is NULL
R10=0x000002ccfd4a5910 points into unknown readable memory: 0x0000001e0000000b | 0b 00 00 00 1e 00 00 00
R11=0x000002ccf5383038 is pointing into metadata
R12=0x000002ccfa08ee68 points into unknown readable memory: 0x88000218f02a8dbe | be 8d 2a f0 18 02 00 88
R13=0x00000000000003d8 is an unknown value
R14=0x000002cc8f2b3748 points into unknown readable memory: 0x0000000000000000 | 00 00 00 00 00 00 00 00
R15=0x000002ccfa08ea90 points into unknown readable memory: 0x000002cc8f01bb64 | 64 bb 01 8f cc 02 00 00


Registers:
RAX=0x000002ccfa0e0518, RBX=0x000002cc8f2b3730, RCX=0x000002ccfa17c588, RDX=0x000000eae2cf76d8
RSP=0x000000eae2cf7660, RBP=0x000002ccfa10cb42, RSI=0x0000000000000025, RDI=0x0000000068629fa5
R8 =0x0000000000000000, R9 =0x0000000000000000, R10=0x000002ccfd4a5910, R11=0x000002ccf5383038
R12=0x000002ccfa08ee68, R13=0x00000000000003d8, R14=0x000002cc8f2b3748, R15=0x000002ccfa08ea90
RIP=0x00007ffbad986d3b, EFLAGS=0x0000000000010246

Top of Stack: (sp=0x000000eae2cf7660)
0x000000eae2cf7660:   0000000000000000 000000000000000c
0x000000eae2cf7670:   000002cc8f2b3730 000000eae2cf76d0
0x000000eae2cf7680:   000000eae2cf76d8 000000eae2cfae74
0x000000eae2cf7690:   0000000068629fa5 00007ffb00000025
0x000000eae2cf76a0:   000002ccfa10cb42 000002ccfce85300
0x000000eae2cf76b0:   0000000000000025 000002ccfa10cb42
0x000000eae2cf76c0:   0000000000000025 00007ffbad986c73
0x000000eae2cf76d0:   000002ccfa0e0518 000000eae2cf8b00
0x000000eae2cf76e0:   0000000068629fa5 000000eae2cfad14
0x000000eae2cf76f0:   000000eae2cf77d0 00007ffbad987143
0x000000eae2cf7700:   0000000068629fa5 000002ccfa10cb42
0x000000eae2cf7710:   0000000000000025 0000000000000000
0x000000eae2cf7720:   0000000000000000 00007ffbad930dda
0x000000eae2cf7730:   000002ccfa10cb3c 000002ccf4d90130
0x000000eae2cf7740:   000002cc80253200 000002ccf4dbb3a0
0x000000eae2cf7750:   000002ccfa08ea80 00007ffbad930828 

Instructions: (pc=0x00007ffbad986d3b)
0x00007ffbad986c3b:   b9 18 00 00 00 8b fa 4e 8b 34 c8 4c 03 f1 48 8b
0x00007ffbad986c4b:   ce 41 80 3e 00 74 1c e8 f9 02 00 00 48 85 c0 75
0x00007ffbad986c5b:   32 44 8b c3 41 88 06 8b d7 48 8b ce e8 44 00 00
0x00007ffbad986c6b:   00 eb 20 e8 3d 00 00 00 48 85 c0 75 16 44 8b c3
0x00007ffbad986c7b:   8b d7 48 8b ce e8 cb 02 00 00 48 85 c0 74 04 41
0x00007ffbad986c8b:   c6 06 01 48 8b 5c 24 30 48 8b 74 24 38 48 8b 7c
0x00007ffbad986c9b:   24 40 48 83 c4 20 41 5e c3 cc cc cc cc cc cc cc
0x00007ffbad986cab:   cc cc cc cc cc 48 89 5c 24 18 55 56 57 48 83 ec
0x00007ffbad986cbb:   50 65 48 8b 04 25 58 00 00 00 8b f2 44 8b 0d ea
0x00007ffbad986ccb:   6d 40 00 48 8b e9 41 8b f8 4a 8b 1c c8 b8 50 00
0x00007ffbad986cdb:   00 00 80 3c 18 00 75 05 e8 70 9e 0e 00 48 8b 0d
0x00007ffbad986ceb:   a1 92 3e 00 48 8d 44 24 78 ba 20 00 00 00 4c 8d
0x00007ffbad986cfb:   4c 24 70 4c 8d 44 24 30 48 89 7c 24 30 89 74 24
0x00007ffbad986d0b:   38 48 89 6c 24 40 48 8b 14 1a 48 c7 44 24 70 00
0x00007ffbad986d1b:   00 00 00 c6 44 24 78 00 48 89 44 24 20 e8 a3 e0
0x00007ffbad986d2b:   ff ff 80 7c 24 78 00 48 8b 44 24 70 74 07 c6 05
0x00007ffbad986d3b:   01 92 3e 00 01 48 8b 9c 24 80 00 00 00 48 83 c4
0x00007ffbad986d4b:   50 5f 5e 5d c3 48 89 5c 24 08 48 89 74 24 10 57
0x00007ffbad986d5b:   48 83 ec 20 0f b6 05 53 92 3e 00 49 8b f0 8b da
0x00007ffbad986d6b:   48 8b f9 84 c0 74 17 44 8b c2 48 8b d1 48 8b 0d
0x00007ffbad986d7b:   41 92 3e 00 e8 ec 00 90 ff 44 8b c8 eb 2f 45 33
0x00007ffbad986d8b:   c9 4c 8b c7 85 db 7e 25 0f 1f 40 00 66 0f 1f 84
0x00007ffbad986d9b:   00 00 00 00 00 41 0f be 00 4d 8d 40 01 45 6b c9
0x00007ffbad986dab:   1f ff ca 0f b6 c8 44 03 c9 85 d2 7f e8 45 8b c1
0x00007ffbad986dbb:   44 89 0e 8b d3 48 8b cf 48 8b 5c 24 30 48 8b 74
0x00007ffbad986dcb:   24 38 48 83 c4 20 5f e9 39 fe ff ff cc cc cc cc
0x00007ffbad986ddb:   cc cc cc cc cc 40 55 56 41 54 41 56 48 81 ec d8
0x00007ffbad986deb:   00 00 00 48 8b 05 53 cd 38 00 48 33 c4 48 89 84
0x00007ffbad986dfb:   24 b0 00 00 00 4d 8b e0 44 8b f2 48 8b e9 e8 52
0x00007ffbad986e0b:   93 06 00 8b f0 3d 80 00 00 00 7d 24 4c 8d 44 24
0x00007ffbad986e1b:   30 41 8b d6 48 8b cd e8 99 96 06 00 4d 8b c4 48
0x00007ffbad986e2b:   8d 4c 24 30 8b d6 e8 1a ff ff ff e9 ea 00 00 00 


Stack slot to memory mapping:
stack at sp + 0 slots: 0x0 is NULL
stack at sp + 1 slots: 0x000000000000000c is an unknown value
stack at sp + 2 slots: 0x000002cc8f2b3730 points into unknown readable memory: 0x0000000000000000 | 00 00 00 00 00 00 00 00
stack at sp + 3 slots: 0x000000eae2cf76d0 is pointing into the stack for thread: 0x000002ccfce85300
stack at sp + 4 slots: 0x000000eae2cf76d8 is pointing into the stack for thread: 0x000002ccfce85300
stack at sp + 5 slots: 0x000000eae2cfae74 is pointing into the stack for thread: 0x000002ccfce85300
stack at sp + 6 slots: 0x0000000068629fa5 is an unknown value
stack at sp + 7 slots: 0x00007ffb00000025 is an unknown value


---------------  P R O C E S S  ---------------

Threads class SMR info:
_java_thread_list=0x000002cc8f1ebae0, length=38, elements={
0x000002ccf01176c0, 0x000002ccf4f7f010, 0x000002ccf4f821a0, 0x000002ccf4f8d280,
0x000002ccf4f8dc50, 0x000002ccfa0667b0, 0x000002ccfa067820, 0x000002ccfa06f4f0,
0x000002ccfa072d50, 0x000002ccfa073660, 0x000002ccfa13f040, 0x000002ccfb1f8010,
0x000002ccfb937680, 0x000002ccfbb32ac0, 0x000002ccfc161f10, 0x000002ccfbcbaba0,
0x000002ccfbb74b00, 0x000002ccfbb75a30, 0x000002ccfbb745f0, 0x000002ccfbb77380,
0x000002ccfbb75520, 0x000002ccfbb740e0, 0x000002ccfbb76e70, 0x000002ccfc8c43e0,
0x000002ccfce86c50, 0x000002ccfce88090, 0x000002ccfce84df0, 0x000002ccfce843d0,
0x000002ccfce89ef0, 0x000002ccfce85810, 0x000002ccfce85300, 0x000002ccfce899e0,
0x000002ccfce83ec0, 0x000002ccfce88ab0, 0x000002ccfce86230, 0x000002ccfce86740,
0x000002ccfce87160, 0x000002ccfce87b80
}

Java Threads: ( => current thread )
  0x000002ccf01176c0 JavaThread "main" [_thread_blocked, id=11912, stack(0x000000eae0300000,0x000000eae0400000)]
  0x000002ccf4f7f010 JavaThread "Reference Handler" daemon [_thread_blocked, id=14232, stack(0x000000eae0600000,0x000000eae0700000)]
  0x000002ccf4f821a0 JavaThread "Finalizer" daemon [_thread_blocked, id=6940, stack(0x000000eae0700000,0x000000eae0800000)]
  0x000002ccf4f8d280 JavaThread "Signal Dispatcher" daemon [_thread_blocked, id=13572, stack(0x000000eae0800000,0x000000eae0900000)]
  0x000002ccf4f8dc50 JavaThread "Attach Listener" daemon [_thread_blocked, id=15548, stack(0x000000eae0900000,0x000000eae0a00000)]
  0x000002ccfa0667b0 JavaThread "Service Thread" daemon [_thread_blocked, id=3604, stack(0x000000eae0a00000,0x000000eae0b00000)]
  0x000002ccfa067820 JavaThread "Monitor Deflation Thread" daemon [_thread_blocked, id=16668, stack(0x000000eae0b00000,0x000000eae0c00000)]
  0x000002ccfa06f4f0 JavaThread "C2 CompilerThread0" daemon [_thread_blocked, id=7928, stack(0x000000eae0c00000,0x000000eae0d00000)]
  0x000002ccfa072d50 JavaThread "C1 CompilerThread0" daemon [_thread_blocked, id=15872, stack(0x000000eae0d00000,0x000000eae0e00000)]
  0x000002ccfa073660 JavaThread "Sweeper thread" daemon [_thread_blocked, id=12348, stack(0x000000eae0e00000,0x000000eae0f00000)]
  0x000002ccfa13f040 JavaThread "Common-Cleaner" daemon [_thread_blocked, id=2724, stack(0x000000eae0f00000,0x000000eae1000000)]
  0x000002ccfb1f8010 JavaThread "Notification Thread" daemon [_thread_blocked, id=16256, stack(0x000000eae1000000,0x000000eae1100000)]
  0x000002ccfb937680 JavaThread "Active Thread: Equinox Container: 2c8051e7-30b5-4dbe-9dd4-566df03b5928" [_thread_blocked, id=4064, stack(0x000000eae1a00000,0x000000eae1b00000)]
  0x000002ccfbb32ac0 JavaThread "Framework Event Dispatcher: Equinox Container: 2c8051e7-30b5-4dbe-9dd4-566df03b5928" daemon [_thread_blocked, id=14528, stack(0x000000eae1b00000,0x000000eae1c00000)]
  0x000002ccfc161f10 JavaThread "Start Level: Equinox Container: 2c8051e7-30b5-4dbe-9dd4-566df03b5928" daemon [_thread_blocked, id=4080, stack(0x000000eae1c00000,0x000000eae1d00000)]
  0x000002ccfbcbaba0 JavaThread "Bundle File Closer" daemon [_thread_blocked, id=14008, stack(0x000000eae1e00000,0x000000eae1f00000)]
  0x000002ccfbb74b00 JavaThread "SCR Component Actor" daemon [_thread_blocked, id=14400, stack(0x000000eae1f00000,0x000000eae2000000)]
  0x000002ccfbb75a30 JavaThread "Worker-JM" [_thread_blocked, id=16524, stack(0x000000eae1300000,0x000000eae1400000)]
  0x000002ccfbb745f0 JavaThread "Worker-0" [_thread_blocked, id=3788, stack(0x000000eae2100000,0x000000eae2200000)]
  0x000002ccfbb77380 JavaThread "Worker-1" [_thread_blocked, id=5352, stack(0x000000eae2200000,0x000000eae2300000)]
  0x000002ccfbb75520 JavaThread "Java indexing" daemon [_thread_blocked, id=1816, stack(0x000000eae2300000,0x000000eae2400000)]
  0x000002ccfbb740e0 JavaThread "JNA Cleaner" daemon [_thread_blocked, id=10920, stack(0x000000eae1200000,0x000000eae1300000)]
  0x000002ccfbb76e70 JavaThread "pool-2-thread-1" [_thread_blocked, id=16068, stack(0x000000eae2400000,0x000000eae2500000)]
  0x000002ccfc8c43e0 JavaThread "C2 CompilerThread1" daemon [_thread_in_native, id=6408, stack(0x000000eae2500000,0x000000eae2600000)]
  0x000002ccfce86c50 JavaThread "Worker-2" [_thread_blocked, id=312, stack(0x000000eae2600000,0x000000eae2700000)]
  0x000002ccfce88090 JavaThread "WorkspaceEventsHandler" [_thread_blocked, id=8396, stack(0x000000eae2700000,0x000000eae2800000)]
  0x000002ccfce84df0 JavaThread "pool-1-thread-1" [_thread_in_native, id=2500, stack(0x000000eae2800000,0x000000eae2900000)]
  0x000002ccfce843d0 JavaThread "Worker-3" [_thread_blocked, id=3576, stack(0x000000eae2900000,0x000000eae2a00000)]
  0x000002ccfce89ef0 JavaThread "Worker-4" [_thread_blocked, id=17344, stack(0x000000eae2a00000,0x000000eae2b00000)]
  0x000002ccfce85810 JavaThread "Worker-5" [_thread_blocked, id=5348, stack(0x000000eae2b00000,0x000000eae2c00000)]
=>0x000002ccfce85300 JavaThread "ForkJoinPool.commonPool-worker-1" daemon [_thread_in_vm, id=5792, stack(0x000000eae2c00000,0x000000eae2d00000)]
  0x000002ccfce899e0 JavaThread "ForkJoinPool.commonPool-worker-2" daemon [_thread_blocked, id=14052, stack(0x000000eae2000000,0x000000eae2100000)]
  0x000002ccfce83ec0 JavaThread "ForkJoinPool.commonPool-worker-3" daemon [_thread_blocked, id=8704, stack(0x000000eae2d00000,0x000000eae2e00000)]
  0x000002ccfce88ab0 JavaThread "ForkJoinPool.commonPool-worker-4" daemon [_thread_blocked, id=14944, stack(0x000000eae2e00000,0x000000eae2f00000)]
  0x000002ccfce86230 JavaThread "ForkJoinPool.commonPool-worker-5" daemon [_thread_blocked, id=3856, stack(0x000000eae2f00000,0x000000eae3000000)]
  0x000002ccfce86740 JavaThread "ForkJoinPool.commonPool-worker-6" daemon [_thread_blocked, id=11780, stack(0x000000eae3000000,0x000000eae3100000)]
  0x000002ccfce87160 JavaThread "pool-1-thread-2" [_thread_blocked, id=16948, stack(0x000000eae3100000,0x000000eae3200000)]
  0x000002ccfce87b80 JavaThread "ForkJoinPool.commonPool-worker-7" daemon [_thread_blocked, id=14488, stack(0x000000eae3300000,0x000000eae3400000)]

Other Threads:
  0x000002ccfa0414b0 VMThread "VM Thread" [stack: 0x000000eae0500000,0x000000eae0600000] [id=15604]
  0x000002ccfb1f84f0 WatcherThread [stack: 0x000000eae1100000,0x000000eae1200000] [id=9528]
  0x000002ccf012ea50 GCTaskThread "GC Thread#0" [stack: 0x000000eae0400000,0x000000eae0500000] [id=16976]
  0x000002ccfb9bea20 GCTaskThread "GC Thread#1" [stack: 0x000000eae1400000,0x000000eae1500000] [id=3352]
  0x000002ccfb9bd6e0 GCTaskThread "GC Thread#2" [stack: 0x000000eae1500000,0x000000eae1600000] [id=2392]
  0x000002ccfb9bcea0 GCTaskThread "GC Thread#3" [stack: 0x000000eae1600000,0x000000eae1700000] [id=17080]
  0x000002ccfb9bd9a0 GCTaskThread "GC Thread#4" [stack: 0x000000eae1700000,0x000000eae1800000] [id=16820]
  0x000002ccfb9bd160 GCTaskThread "GC Thread#5" [stack: 0x000000eae1800000,0x000000eae1900000] [id=8896]
  0x000002ccfb9bdc60 GCTaskThread "GC Thread#6" [stack: 0x000000eae1900000,0x000000eae1a00000] [id=16460]
  0x000002ccfb9be760 GCTaskThread "GC Thread#7" [stack: 0x000000eae1d00000,0x000000eae1e00000] [id=2904]

Threads with active compile tasks:
C2 CompilerThread1     9980 8011 %     4       org.eclipse.jdt.internal.compiler.lookup.BinaryTypeBinding::createMethod @ 222 (1717 bytes)

VM state: not at safepoint (normal execution)

VM Mutex/Monitor currently owned by a thread: None

Heap address: 0x00000000c0000000, size: 1024 MB, Compressed Oops mode: 32-bit

CDS archive(s) not mapped
Compressed class space mapped at: 0x0000000100000000-0x0000000140000000, reserved size: 1073741824
Narrow klass base: 0x0000000000000000, Narrow klass shift: 3, Narrow klass range: 0x140000000

GC Precious Log:
 CPUs: 8 total, 8 available
 Memory: 7886M
 Large Page Support: Disabled
 NUMA Support: Disabled
 Compressed Oops: Enabled (32-bit)
 Alignments: Space 512K, Generation 512K, Heap 2M
 Heap Min Capacity: 100M
 Heap Initial Capacity: 100M
 Heap Max Capacity: 1G
 Pre-touch: Disabled
 Parallel Workers: 8

Heap:
 PSYoungGen      total 31744K, used 11814K [0x00000000eab00000, 0x00000000ed500000, 0x0000000100000000)
  eden space 20480K, 57% used [0x00000000eab00000,0x00000000eb689958,0x00000000ebf00000)
  from space 11264K, 0% used [0x00000000eca00000,0x00000000eca00000,0x00000000ed500000)
  to   space 11264K, 0% used [0x00000000ebf00000,0x00000000ebf00000,0x00000000eca00000)
 ParOldGen       total 117760K, used 76319K [0x00000000c0000000, 0x00000000c7300000, 0x00000000eab00000)
  object space 117760K, 64% used [0x00000000c0000000,0x00000000c4a87c60,0x00000000c7300000)
 Metaspace       used 71088K, committed 72192K, reserved 1114112K
  class space    used 7671K, committed 8128K, reserved 1048576K

Card table byte_map: [0x000002ccefae0000,0x000002ccefcf0000] _byte_map_base: 0x000002ccef4e0000

Marking Bits: (ParMarkBitMap*) 0x00007ffbadd683a0
 Begin Bits: [0x000002ccf2d90000, 0x000002ccf3d90000)
 End Bits:   [0x000002ccf3d90000, 0x000002ccf4d90000)

Polling page: 0x000002ccef8d0000

Metaspace:

Usage:
  Non-class:     61.93 MB used.
      Class:      7.49 MB used.
       Both:     69.42 MB used.

Virtual space:
  Non-class space:       64.00 MB reserved,      62.56 MB ( 98%) committed,  1 nodes.
      Class space:        1.00 GB reserved,       7.94 MB ( <1%) committed,  1 nodes.
             Both:        1.06 GB reserved,      70.50 MB (  6%) committed. 

Chunk freelists:
   Non-Class:  960.00 KB
       Class:  7.91 MB
        Both:  8.84 MB

MaxMetaspaceSize: unlimited
CompressedClassSpaceSize: 1.00 GB
Initial GC threshold: 21.00 MB
Current GC threshold: 116.19 MB
CDS: off
MetaspaceReclaimPolicy: balanced
 - commit_granule_bytes: 65536.
 - commit_granule_words: 8192.
 - virtual_space_node_default_size: 8388608.
 - enlarge_chunks_in_place: 1.
 - new_chunks_are_fully_committed: 0.
 - uncommit_free_chunks: 1.
 - use_allocation_guard: 0.
 - handle_deallocations: 1.


Internal statistics:

num_allocs_failed_limit: 9.
num_arena_births: 628.
num_arena_deaths: 16.
num_vsnodes_births: 2.
num_vsnodes_deaths: 0.
num_space_committed: 1128.
num_space_uncommitted: 0.
num_chunks_returned_to_freelist: 25.
num_chunks_taken_from_freelist: 3419.
num_chunk_merges: 13.
num_chunk_splits: 2218.
num_chunks_enlarged: 1394.
num_inconsistent_stats: 0.

CodeHeap 'non-profiled nmethods': size=120000Kb used=4176Kb max_used=4259Kb free=115823Kb
 bounds [0x000002cc87ad0000, 0x000002cc87f00000, 0x000002cc8f000000]
CodeHeap 'profiled nmethods': size=120000Kb used=13742Kb max_used=15678Kb free=106257Kb
 bounds [0x000002cc80000000, 0x000002cc80f50000, 0x000002cc87530000]
CodeHeap 'non-nmethods': size=5760Kb used=1368Kb max_used=1440Kb free=4391Kb
 bounds [0x000002cc87530000, 0x000002cc877a0000, 0x000002cc87ad0000]
 total_blobs=7439 nmethods=6737 adapters=615
 compilation: enabled
              stopped_count=0, restarted_count=0
 full_count=0

Compilation events (20 events):
Event: 9.814 Thread 0x000002ccfa072d50 8038       1       java.util.Calendar::getZone (5 bytes)
Event: 9.815 Thread 0x000002ccfa072d50 nmethod 8038 0x000002cc87e4b690 code [0x000002cc87e4b820, 0x000002cc87e4b8f8]
Event: 9.828 Thread 0x000002ccfa072d50 8043       3       java.lang.invoke.MethodHandleNatives::refKindIsGetter (32 bytes)
Event: 9.828 Thread 0x000002ccfa072d50 nmethod 8043 0x000002cc80b1fb10 code [0x000002cc80b1fca0, 0x000002cc80b1fdf8]
Event: 9.828 Thread 0x000002ccfa072d50 8045       3       java.lang.invoke.InvokerBytecodeGenerator::assertStaticType (58 bytes)
Event: 9.829 Thread 0x000002ccfa072d50 nmethod 8045 0x000002cc80bd6e90 code [0x000002cc80bd7060, 0x000002cc80bd7518]
Event: 9.829 Thread 0x000002ccfa072d50 8046       3       java.lang.invoke.LambdaForm::methodType (48 bytes)
Event: 9.830 Thread 0x000002ccfa072d50 nmethod 8046 0x000002cc8013e510 code [0x000002cc8013e700, 0x000002cc8013ec98]
Event: 9.832 Thread 0x000002ccfa072d50 8047       3       java.lang.invoke.InvokerBytecodeGenerator::<init> (80 bytes)
Event: 9.832 Thread 0x000002ccfa072d50 nmethod 8047 0x000002cc8034cf90 code [0x000002cc8034d160, 0x000002cc8034d508]
Event: 9.833 Thread 0x000002ccfa072d50 8049       3       java.lang.invoke.DirectMethodHandle::maybeCompile (24 bytes)
Event: 9.833 Thread 0x000002ccfa072d50 nmethod 8049 0x000002cc8096ab10 code [0x000002cc8096acc0, 0x000002cc8096aeb8]
Event: 9.834 Thread 0x000002ccfa072d50 8052       1       java.lang.invoke.LambdaForm$BasicType::basicTypeChar (5 bytes)
Event: 9.834 Thread 0x000002ccfa072d50 nmethod 8052 0x000002cc87e49b90 code [0x000002cc87e49d20, 0x000002cc87e49df8]
Event: 9.834 Thread 0x000002ccfa072d50 8053       3       java.lang.invoke.LambdaForm$NamedFunction::<init> (15 bytes)
Event: 9.834 Thread 0x000002ccfa072d50 nmethod 8053 0x000002cc80995490 code [0x000002cc80995620, 0x000002cc809957b8]
Event: 9.834 Thread 0x000002ccfa072d50 8057   !   3       java.lang.invoke.LambdaForm::compileToBytecode (164 bytes)
Event: 9.835 Thread 0x000002ccfa072d50 nmethod 8057 0x000002cc80252810 code [0x000002cc80252a60, 0x000002cc80253298]
Event: 9.835 Thread 0x000002ccfa072d50 8058       3       jdk.internal.org.objectweb.asm.Frame::push (109 bytes)
Event: 9.836 Thread 0x000002ccfa072d50 nmethod 8058 0x000002cc80730610 code [0x000002cc807307e0, 0x000002cc80730ce8]

GC Heap History (20 events):
Event: 7.965 GC heap before
{Heap before GC invocations=32 (full 3):
 PSYoungGen      total 22528K, used 21329K [0x00000000eab00000, 0x00000000ec380000, 0x0000000100000000)
  eden space 20992K, 94% used [0x00000000eab00000,0x00000000ebe54600,0x00000000ebf80000)
  from space 1536K, 100% used [0x00000000ec200000,0x00000000ec380000,0x00000000ec380000)
  to   space 2048K, 0% used [0x00000000ebf80000,0x00000000ebf80000,0x00000000ec180000)
 ParOldGen       total 68608K, used 34616K [0x00000000c0000000, 0x00000000c4300000, 0x00000000eab00000)
  object space 68608K, 50% used [0x00000000c0000000,0x00000000c21ce188,0x00000000c4300000)
 Metaspace       used 64039K, committed 65216K, reserved 1114112K
  class space    used 6884K, committed 7360K, reserved 1048576K
}
Event: 7.967 GC heap after
{Heap after GC invocations=32 (full 3):
 PSYoungGen      total 22016K, used 885K [0x00000000eab00000, 0x00000000ec280000, 0x0000000100000000)
  eden space 20992K, 0% used [0x00000000eab00000,0x00000000eab00000,0x00000000ebf80000)
  from space 1024K, 86% used [0x00000000ebf80000,0x00000000ec05d5a8,0x00000000ec080000)
  to   space 1536K, 0% used [0x00000000ec100000,0x00000000ec100000,0x00000000ec280000)
 ParOldGen       total 68608K, used 36048K [0x00000000c0000000, 0x00000000c4300000, 0x00000000eab00000)
  object space 68608K, 52% used [0x00000000c0000000,0x00000000c2334220,0x00000000c4300000)
 Metaspace       used 64039K, committed 65216K, reserved 1114112K
  class space    used 6884K, committed 7360K, reserved 1048576K
}
Event: 8.384 GC heap before
{Heap before GC invocations=33 (full 3):
 PSYoungGen      total 22016K, used 21877K [0x00000000eab00000, 0x00000000ec280000, 0x0000000100000000)
  eden space 20992K, 100% used [0x00000000eab00000,0x00000000ebf80000,0x00000000ebf80000)
  from space 1024K, 86% used [0x00000000ebf80000,0x00000000ec05d5a8,0x00000000ec080000)
  to   space 1536K, 0% used [0x00000000ec100000,0x00000000ec100000,0x00000000ec280000)
 ParOldGen       total 68608K, used 36048K [0x00000000c0000000, 0x00000000c4300000, 0x00000000eab00000)
  object space 68608K, 52% used [0x00000000c0000000,0x00000000c2334220,0x00000000c4300000)
 Metaspace       used 65341K, committed 66496K, reserved 1114112K
  class space    used 7024K, committed 7552K, reserved 1048576K
}
Event: 8.386 GC heap after
{Heap after GC invocations=33 (full 3):
 PSYoungGen      total 22016K, used 1509K [0x00000000eab00000, 0x00000000ec380000, 0x0000000100000000)
  eden space 20480K, 0% used [0x00000000eab00000,0x00000000eab00000,0x00000000ebf00000)
  from space 1536K, 98% used [0x00000000ec100000,0x00000000ec2796d8,0x00000000ec280000)
  to   space 2048K, 0% used [0x00000000ebf00000,0x00000000ebf00000,0x00000000ec100000)
 ParOldGen       total 68608K, used 36679K [0x00000000c0000000, 0x00000000c4300000, 0x00000000eab00000)
  object space 68608K, 53% used [0x00000000c0000000,0x00000000c23d1f08,0x00000000c4300000)
 Metaspace       used 65341K, committed 66496K, reserved 1114112K
  class space    used 7024K, committed 7552K, reserved 1048576K
}
Event: 8.720 GC heap before
{Heap before GC invocations=34 (full 3):
 PSYoungGen      total 22016K, used 21989K [0x00000000eab00000, 0x00000000ec380000, 0x0000000100000000)
  eden space 20480K, 100% used [0x00000000eab00000,0x00000000ebf00000,0x00000000ebf00000)
  from space 1536K, 98% used [0x00000000ec100000,0x00000000ec2796d8,0x00000000ec280000)
  to   space 2048K, 0% used [0x00000000ebf00000,0x00000000ebf00000,0x00000000ec100000)
 ParOldGen       total 68608K, used 36679K [0x00000000c0000000, 0x00000000c4300000, 0x00000000eab00000)
  object space 68608K, 53% used [0x00000000c0000000,0x00000000c23d1f08,0x00000000c4300000)
 Metaspace       used 67268K, committed 68416K, reserved 1114112K
  class space    used 7202K, committed 7680K, reserved 1048576K
}
Event: 8.723 GC heap after
{Heap after GC invocations=34 (full 3):
 PSYoungGen      total 21504K, used 992K [0x00000000eab00000, 0x00000000ec200000, 0x0000000100000000)
  eden space 20480K, 0% used [0x00000000eab00000,0x00000000eab00000,0x00000000ebf00000)
  from space 1024K, 96% used [0x00000000ebf00000,0x00000000ebff8000,0x00000000ec000000)
  to   space 1536K, 0% used [0x00000000ec080000,0x00000000ec080000,0x00000000ec200000)
 ParOldGen       total 68608K, used 38060K [0x00000000c0000000, 0x00000000c4300000, 0x00000000eab00000)
  object space 68608K, 55% used [0x00000000c0000000,0x00000000c252b020,0x00000000c4300000)
 Metaspace       used 67268K, committed 68416K, reserved 1114112K
  class space    used 7202K, committed 7680K, reserved 1048576K
}
Event: 9.067 GC heap before
{Heap before GC invocations=35 (full 3):
 PSYoungGen      total 21504K, used 21471K [0x00000000eab00000, 0x00000000ec200000, 0x0000000100000000)
  eden space 20480K, 99% used [0x00000000eab00000,0x00000000ebeffff8,0x00000000ebf00000)
  from space 1024K, 96% used [0x00000000ebf00000,0x00000000ebff8000,0x00000000ec000000)
  to   space 1536K, 0% used [0x00000000ec080000,0x00000000ec080000,0x00000000ec200000)
 ParOldGen       total 68608K, used 38060K [0x00000000c0000000, 0x00000000c4300000, 0x00000000eab00000)
  object space 68608K, 55% used [0x00000000c0000000,0x00000000c252b020,0x00000000c4300000)
 Metaspace       used 68952K, committed 70016K, reserved 1114112K
  class space    used 7368K, committed 7808K, reserved 1048576K
}
Event: 9.068 GC heap after
{Heap after GC invocations=35 (full 3):
 PSYoungGen      total 22016K, used 1196K [0x00000000eab00000, 0x00000000ec200000, 0x0000000100000000)
  eden space 20480K, 0% used [0x00000000eab00000,0x00000000eab00000,0x00000000ebf00000)
  from space 1536K, 77% used [0x00000000ec080000,0x00000000ec1ab100,0x00000000ec200000)
  to   space 1536K, 0% used [0x00000000ebf00000,0x00000000ebf00000,0x00000000ec080000)
 ParOldGen       total 68608K, used 38922K [0x00000000c0000000, 0x00000000c4300000, 0x00000000eab00000)
  object space 68608K, 56% used [0x00000000c0000000,0x00000000c26029d0,0x00000000c4300000)
 Metaspace       used 68952K, committed 70016K, reserved 1114112K
  class space    used 7368K, committed 7808K, reserved 1048576K
}
Event: 9.197 GC heap before
{Heap before GC invocations=36 (full 3):
 PSYoungGen      total 22016K, used 18312K [0x00000000eab00000, 0x00000000ec200000, 0x0000000100000000)
  eden space 20480K, 83% used [0x00000000eab00000,0x00000000ebbb6fe0,0x00000000ebf00000)
  from space 1536K, 77% used [0x00000000ec080000,0x00000000ec1ab100,0x00000000ec200000)
  to   space 1536K, 0% used [0x00000000ebf00000,0x00000000ebf00000,0x00000000ec080000)
 ParOldGen       total 68608K, used 38922K [0x00000000c0000000, 0x00000000c4300000, 0x00000000eab00000)
  object space 68608K, 56% used [0x00000000c0000000,0x00000000c26029d0,0x00000000c4300000)
 Metaspace       used 69363K, committed 70464K, reserved 1114112K
  class space    used 7418K, committed 7872K, reserved 1048576K
}
Event: 9.200 GC heap after
{Heap after GC invocations=36 (full 3):
 PSYoungGen      total 21504K, used 576K [0x00000000eab00000, 0x00000000ec100000, 0x0000000100000000)
  eden space 20480K, 0% used [0x00000000eab00000,0x00000000eab00000,0x00000000ebf00000)
  from space 1024K, 56% used [0x00000000ebf00000,0x00000000ebf90000,0x00000000ec000000)
  to   space 1024K, 0% used [0x00000000ec000000,0x00000000ec000000,0x00000000ec100000)
 ParOldGen       total 68608K, used 46507K [0x00000000c0000000, 0x00000000c4300000, 0x00000000eab00000)
  object space 68608K, 67% used [0x00000000c0000000,0x00000000c2d6ad88,0x00000000c4300000)
 Metaspace       used 69363K, committed 70464K, reserved 1114112K
  class space    used 7418K, committed 7872K, reserved 1048576K
}
Event: 9.245 GC heap before
{Heap before GC invocations=37 (full 4):
 PSYoungGen      total 21504K, used 21056K [0x00000000eab00000, 0x00000000ec100000, 0x0000000100000000)
  eden space 20480K, 100% used [0x00000000eab00000,0x00000000ebf00000,0x00000000ebf00000)
  from space 1024K, 56% used [0x00000000ebf00000,0x00000000ebf90000,0x00000000ec000000)
  to   space 1024K, 0% used [0x00000000ec000000,0x00000000ec000000,0x00000000ec100000)
 ParOldGen       total 79872K, used 72836K [0x00000000c0000000, 0x00000000c4e00000, 0x00000000eab00000)
  object space 79872K, 91% used [0x00000000c0000000,0x00000000c4721338,0x00000000c4e00000)
 Metaspace       used 69370K, committed 70464K, reserved 1114112K
  class space    used 7419K, committed 7872K, reserved 1048576K
}
Event: 9.281 GC heap after
{Heap after GC invocations=37 (full 4):
 PSYoungGen      total 21504K, used 0K [0x00000000eab00000, 0x00000000ec100000, 0x0000000100000000)
  eden space 20480K, 0% used [0x00000000eab00000,0x00000000eab00000,0x00000000ebf00000)
  from space 1024K, 0% used [0x00000000ec000000,0x00000000ec000000,0x00000000ec100000)
  to   space 1024K, 0% used [0x00000000ebf00000,0x00000000ebf00000,0x00000000ec000000)
 ParOldGen       total 85504K, used 51561K [0x00000000c0000000, 0x00000000c5380000, 0x00000000eab00000)
  object space 85504K, 60% used [0x00000000c0000000,0x00000000c325a528,0x00000000c5380000)
 Metaspace       used 69370K, committed 70464K, reserved 1114112K
  class space    used 7419K, committed 7872K, reserved 1048576K
}
Event: 9.321 GC heap before
{Heap before GC invocations=38 (full 4):
 PSYoungGen      total 21504K, used 20480K [0x00000000eab00000, 0x00000000ec100000, 0x0000000100000000)
  eden space 20480K, 100% used [0x00000000eab00000,0x00000000ebf00000,0x00000000ebf00000)
  from space 1024K, 0% used [0x00000000ec000000,0x00000000ec000000,0x00000000ec100000)
  to   space 1024K, 0% used [0x00000000ebf00000,0x00000000ebf00000,0x00000000ec000000)
 ParOldGen       total 85504K, used 51561K [0x00000000c0000000, 0x00000000c5380000, 0x00000000eab00000)
  object space 85504K, 60% used [0x00000000c0000000,0x00000000c325a528,0x00000000c5380000)
 Metaspace       used 69371K, committed 70528K, reserved 1114112K
  class space    used 7419K, committed 7872K, reserved 1048576K
}
Event: 9.329 GC heap after
{Heap after GC invocations=38 (full 4):
 PSYoungGen      total 21504K, used 1024K [0x00000000eab00000, 0x00000000ee000000, 0x0000000100000000)
  eden space 20480K, 0% used [0x00000000eab00000,0x00000000eab00000,0x00000000ebf00000)
  from space 1024K, 100% used [0x00000000ebf00000,0x00000000ec000000,0x00000000ec000000)
  to   space 16896K, 0% used [0x00000000ecf80000,0x00000000ecf80000,0x00000000ee000000)
 ParOldGen       total 85504K, used 64881K [0x00000000c0000000, 0x00000000c5380000, 0x00000000eab00000)
  object space 85504K, 75% used [0x00000000c0000000,0x00000000c3f5c528,0x00000000c5380000)
 Metaspace       used 69371K, committed 70528K, reserved 1114112K
  class space    used 7419K, committed 7872K, reserved 1048576K
}
Event: 9.361 GC heap before
{Heap before GC invocations=39 (full 4):
 PSYoungGen      total 21504K, used 21504K [0x00000000eab00000, 0x00000000ee000000, 0x0000000100000000)
  eden space 20480K, 100% used [0x00000000eab00000,0x00000000ebf00000,0x00000000ebf00000)
  from space 1024K, 100% used [0x00000000ebf00000,0x00000000ec000000,0x00000000ec000000)
  to   space 16896K, 0% used [0x00000000ecf80000,0x00000000ecf80000,0x00000000ee000000)
 ParOldGen       total 85504K, used 64881K [0x00000000c0000000, 0x00000000c5380000, 0x00000000eab00000)
  object space 85504K, 75% used [0x00000000c0000000,0x00000000c3f5c528,0x00000000c5380000)
 Metaspace       used 69400K, committed 70528K, reserved 1114112K
  class space    used 7422K, committed 7872K, reserved 1048576K
}
Event: 9.368 GC heap after
{Heap after GC invocations=39 (full 4):
 PSYoungGen      total 34816K, used 14144K [0x00000000eab00000, 0x00000000edd80000, 0x0000000100000000)
  eden space 20480K, 0% used [0x00000000eab00000,0x00000000eab00000,0x00000000ebf00000)
  from space 14336K, 98% used [0x00000000ecf80000,0x00000000edd50000,0x00000000edd80000)
  to   space 14848K, 0% used [0x00000000ec080000,0x00000000ec080000,0x00000000ecf00000)
 ParOldGen       total 85504K, used 65937K [0x00000000c0000000, 0x00000000c5380000, 0x00000000eab00000)
  object space 85504K, 77% used [0x00000000c0000000,0x00000000c4064528,0x00000000c5380000)
 Metaspace       used 69400K, committed 70528K, reserved 1114112K
  class space    used 7422K, committed 7872K, reserved 1048576K
}
Event: 9.673 GC heap before
{Heap before GC invocations=40 (full 4):
 PSYoungGen      total 34816K, used 34623K [0x00000000eab00000, 0x00000000edd80000, 0x0000000100000000)
  eden space 20480K, 99% used [0x00000000eab00000,0x00000000ebeffff8,0x00000000ebf00000)
  from space 14336K, 98% used [0x00000000ecf80000,0x00000000edd50000,0x00000000edd80000)
  to   space 14848K, 0% used [0x00000000ec080000,0x00000000ec080000,0x00000000ecf00000)
 ParOldGen       total 85504K, used 65937K [0x00000000c0000000, 0x00000000c5380000, 0x00000000eab00000)
  object space 85504K, 77% used [0x00000000c0000000,0x00000000c4064528,0x00000000c5380000)
 Metaspace       used 70204K, committed 71360K, reserved 1114112K
  class space    used 7527K, committed 8000K, reserved 1048576K
}
Event: 9.682 GC heap after
{Heap after GC invocations=40 (full 4):
 PSYoungGen      total 30208K, used 9392K [0x00000000eab00000, 0x00000000ed500000, 0x0000000100000000)
  eden space 20480K, 0% used [0x00000000eab00000,0x00000000eab00000,0x00000000ebf00000)
  from space 9728K, 96% used [0x00000000ec080000,0x00000000ec9ac010,0x00000000eca00000)
  to   space 11264K, 0% used [0x00000000eca00000,0x00000000eca00000,0x00000000ed500000)
 ParOldGen       total 85504K, used 79977K [0x00000000c0000000, 0x00000000c5380000, 0x00000000eab00000)
  object space 85504K, 93% used [0x00000000c0000000,0x00000000c4e1a528,0x00000000c5380000)
 Metaspace       used 70204K, committed 71360K, reserved 1114112K
  class space    used 7527K, committed 8000K, reserved 1048576K
}
Event: 9.682 GC heap before
{Heap before GC invocations=41 (full 5):
 PSYoungGen      total 30208K, used 9392K [0x00000000eab00000, 0x00000000ed500000, 0x0000000100000000)
  eden space 20480K, 0% used [0x00000000eab00000,0x00000000eab00000,0x00000000ebf00000)
  from space 9728K, 96% used [0x00000000ec080000,0x00000000ec9ac010,0x00000000eca00000)
  to   space 11264K, 0% used [0x00000000eca00000,0x00000000eca00000,0x00000000ed500000)
 ParOldGen       total 85504K, used 79977K [0x00000000c0000000, 0x00000000c5380000, 0x00000000eab00000)
  object space 85504K, 93% used [0x00000000c0000000,0x00000000c4e1a528,0x00000000c5380000)
 Metaspace       used 70204K, committed 71360K, reserved 1114112K
  class space    used 7527K, committed 8000K, reserved 1048576K
}
Event: 9.749 GC heap after
{Heap after GC invocations=41 (full 5):
 PSYoungGen      total 31744K, used 0K [0x00000000eab00000, 0x00000000ed500000, 0x0000000100000000)
  eden space 20480K, 0% used [0x00000000eab00000,0x00000000eab00000,0x00000000ebf00000)
  from space 11264K, 0% used [0x00000000eca00000,0x00000000eca00000,0x00000000ed500000)
  to   space 11264K, 0% used [0x00000000ebf00000,0x00000000ebf00000,0x00000000eca00000)
 ParOldGen       total 117760K, used 76319K [0x00000000c0000000, 0x00000000c7300000, 0x00000000eab00000)
  object space 117760K, 64% used [0x00000000c0000000,0x00000000c4a87c60,0x00000000c7300000)
 Metaspace       used 70204K, committed 71360K, reserved 1114112K
  class space    used 7527K, committed 8000K, reserved 1048576K
}

Dll operation events (11 events):
Event: 0.010 Loaded shared library c:\Users\tseli\.vscode\extensions\redhat.java-1.22.0-win32-x64\jre\17.0.8.1-win32-x86_64\bin\java.dll
Event: 0.133 Loaded shared library c:\Users\tseli\.vscode\extensions\redhat.java-1.22.0-win32-x64\jre\17.0.8.1-win32-x86_64\bin\zip.dll
Event: 0.135 Loaded shared library C:\Users\tseli\.vscode\extensions\redhat.java-1.22.0-win32-x64\jre\17.0.8.1-win32-x86_64\bin\instrument.dll
Event: 0.146 Loaded shared library C:\Users\tseli\.vscode\extensions\redhat.java-1.22.0-win32-x64\jre\17.0.8.1-win32-x86_64\bin\net.dll
Event: 0.148 Loaded shared library C:\Users\tseli\.vscode\extensions\redhat.java-1.22.0-win32-x64\jre\17.0.8.1-win32-x86_64\bin\nio.dll
Event: 0.153 Loaded shared library C:\Users\tseli\.vscode\extensions\redhat.java-1.22.0-win32-x64\jre\17.0.8.1-win32-x86_64\bin\zip.dll
Event: 0.166 Loaded shared library C:\Users\tseli\.vscode\extensions\redhat.java-1.22.0-win32-x64\jre\17.0.8.1-win32-x86_64\bin\jimage.dll
Event: 0.201 Loaded shared library c:\Users\tseli\.vscode\extensions\redhat.java-1.22.0-win32-x64\jre\17.0.8.1-win32-x86_64\bin\verify.dll
Event: 1.336 Loaded shared library C:\Users\tseli\AppData\Roaming\Code\User\globalStorage\redhat.java\1.22.0\config_win\org.eclipse.equinox.launcher\org.eclipse.equinox.launcher.win32.win32.x86_64_1.2.700.v20221108-1024\eclipse_11801.dll
Event: 3.526 Loaded shared library C:\Users\tseli\AppData\Local\Temp\jna-110654915\jna16381108025811960117.dll
Event: 9.132 Loaded shared library C:\Users\tseli\.vscode\extensions\redhat.java-1.22.0-win32-x64\jre\17.0.8.1-win32-x86_64\bin\sunmscapi.dll

Deoptimization events (20 events):
Event: 9.772 Thread 0x000002ccfce88ab0 Uncommon trap: trap_request=0xffffffc6 fr.pc=0x000002cc87e91ab0 relative=0x0000000000009e90
Event: 9.772 Thread 0x000002ccfce88ab0 Uncommon trap: reason=bimorphic_or_optimized_type_check action=maybe_recompile pc=0x000002cc87e91ab0 method=org.eclipse.jdt.internal.compiler.lookup.BinaryTypeBinding.createMethod(Lorg/eclipse/jdt/internal/compiler/env/IBinaryMethod;Lorg/eclipse/jdt/inter
Event: 9.772 Thread 0x000002ccfce88ab0 DEOPT PACKING pc=0x000002cc87e91ab0 sp=0x000000eae2efe150
Event: 9.772 Thread 0x000002ccfce88ab0 DEOPT UNPACKING pc=0x000002cc87589ea3 sp=0x000000eae2efe120 mode 2
Event: 9.793 Thread 0x000002ccfce85810 DEOPT PACKING pc=0x000002cc80b4a03d sp=0x000000eae2bfe490
Event: 9.793 Thread 0x000002ccfce85810 DEOPT UNPACKING pc=0x000002cc8758a9e3 sp=0x000000eae2bfd9b8 mode 0
Event: 9.795 Thread 0x000002ccfce85810 DEOPT PACKING pc=0x000002cc80d91c70 sp=0x000000eae2bfe860
Event: 9.795 Thread 0x000002ccfce85810 DEOPT UNPACKING pc=0x000002cc8758a9e3 sp=0x000000eae2bfdd58 mode 0
Event: 9.816 Thread 0x000002ccfce85300 Uncommon trap: trap_request=0xffffff45 fr.pc=0x000002cc87e20894 relative=0x0000000000000534
Event: 9.816 Thread 0x000002ccfce85300 Uncommon trap: reason=unstable_if action=reinterpret pc=0x000002cc87e20894 method=org.eclipse.jdt.internal.compiler.parser.Scanner.mayBeAtCasePattern(I)Z @ 21 c2
Event: 9.816 Thread 0x000002ccfce85300 DEOPT PACKING pc=0x000002cc87e20894 sp=0x000000eae2cfd720
Event: 9.817 Thread 0x000002ccfce85300 DEOPT UNPACKING pc=0x000002cc87589ea3 sp=0x000000eae2cfd610 mode 2
Event: 9.817 Thread 0x000002ccfce85300 Uncommon trap: trap_request=0xffffff45 fr.pc=0x000002cc87d867f0 relative=0x00000000000000d0
Event: 9.817 Thread 0x000002ccfce85300 Uncommon trap: reason=unstable_if action=reinterpret pc=0x000002cc87d867f0 method=org.eclipse.jdt.internal.compiler.parser.Scanner.mayBeAtCasePattern(I)Z @ 21 c2
Event: 9.817 Thread 0x000002ccfce85300 DEOPT PACKING pc=0x000002cc87d867f0 sp=0x000000eae2cfd660
Event: 9.817 Thread 0x000002ccfce85300 DEOPT UNPACKING pc=0x000002cc87589ea3 sp=0x000000eae2cfd600 mode 2
Event: 9.834 Thread 0x000002ccfce85300 Uncommon trap: trap_request=0xffffff45 fr.pc=0x000002cc87d00db0 relative=0x0000000000000190
Event: 9.834 Thread 0x000002ccfce85300 Uncommon trap: reason=unstable_if action=reinterpret pc=0x000002cc87d00db0 method=jdk.internal.org.objectweb.asm.Frame.push(I)V @ 26 c2
Event: 9.834 Thread 0x000002ccfce85300 DEOPT PACKING pc=0x000002cc87d00db0 sp=0x000000eae2cfb360
Event: 9.835 Thread 0x000002ccfce85300 DEOPT UNPACKING pc=0x000002cc87589ea3 sp=0x000000eae2cfb2e8 mode 2

Classes unloaded (8 events):
Event: 2.276 Thread 0x000002ccfa0414b0 Unloading class 0x000000010024e000 'java/lang/invoke/LambdaForm$MH+0x000000010024e000'
Event: 2.276 Thread 0x000002ccfa0414b0 Unloading class 0x000000010024dc00 'java/lang/invoke/LambdaForm$MH+0x000000010024dc00'
Event: 2.276 Thread 0x000002ccfa0414b0 Unloading class 0x000000010024d800 'java/lang/invoke/LambdaForm$MH+0x000000010024d800'
Event: 2.276 Thread 0x000002ccfa0414b0 Unloading class 0x000000010024d400 'java/lang/invoke/LambdaForm$MH+0x000000010024d400'
Event: 2.276 Thread 0x000002ccfa0414b0 Unloading class 0x000000010024d000 'java/lang/invoke/LambdaForm$BMH+0x000000010024d000'
Event: 2.276 Thread 0x000002ccfa0414b0 Unloading class 0x000000010024cc00 'java/lang/invoke/LambdaForm$DMH+0x000000010024cc00'
Event: 2.276 Thread 0x000002ccfa0414b0 Unloading class 0x000000010024a000 'java/lang/invoke/LambdaForm$DMH+0x000000010024a000'
Event: 7.245 Thread 0x000002ccfa0414b0 Unloading class 0x000000010065c800 'java/lang/invoke/LambdaForm$DMH+0x000000010065c800'

Classes redefined (0 events):
No events

Internal exceptions (20 events):
Event: 8.075 Thread 0x000002ccfce84df0 Exception <a 'java/lang/ArrayIndexOutOfBoundsException'{0x00000000eb66b1a0}: Index 521 out of bounds for length 521> (0x00000000eb66b1a0) 
thrown [s\src\hotspot\share\interpreter\interpreterRuntime.cpp, line 428]
Event: 8.082 Thread 0x000002ccfce84df0 Exception <a 'java/lang/ArrayIndexOutOfBoundsException'{0x00000000eb6cd638}: Index 521 out of bounds for length 521> (0x00000000eb6cd638) 
thrown [s\src\hotspot\share\interpreter\interpreterRuntime.cpp, line 428]
Event: 8.082 Thread 0x000002ccfce84df0 Exception <a 'java/lang/ArrayIndexOutOfBoundsException'{0x00000000eb6cee10}: Index 521 out of bounds for length 521> (0x00000000eb6cee10) 
thrown [s\src\hotspot\share\interpreter\interpreterRuntime.cpp, line 428]
Event: 8.082 Thread 0x000002ccfce84df0 Exception <a 'java/lang/ArrayIndexOutOfBoundsException'{0x00000000eb6cf4f8}: Index 522 out of bounds for length 521> (0x00000000eb6cf4f8) 
thrown [s\src\hotspot\share\interpreter\interpreterRuntime.cpp, line 428]
Event: 8.263 Thread 0x000002ccfce84df0 Exception <a 'java/lang/ArrayIndexOutOfBoundsException'{0x00000000ebce3fe8}: Index 521 out of bounds for length 521> (0x00000000ebce3fe8) 
thrown [s\src\hotspot\share\interpreter\interpreterRuntime.cpp, line 428]
Event: 8.269 Thread 0x000002ccfce84df0 Exception <a 'java/lang/ArrayIndexOutOfBoundsException'{0x00000000ebd53738}: Index 521 out of bounds for length 521> (0x00000000ebd53738) 
thrown [s\src\hotspot\share\interpreter\interpreterRuntime.cpp, line 428]
Event: 8.269 Thread 0x000002ccfce84df0 Exception <a 'java/lang/ArrayIndexOutOfBoundsException'{0x00000000ebd54f10}: Index 521 out of bounds for length 521> (0x00000000ebd54f10) 
thrown [s\src\hotspot\share\interpreter\interpreterRuntime.cpp, line 428]
Event: 8.269 Thread 0x000002ccfce84df0 Exception <a 'java/lang/ArrayIndexOutOfBoundsException'{0x00000000ebd555f8}: Index 522 out of bounds for length 521> (0x00000000ebd555f8) 
thrown [s\src\hotspot\share\interpreter\interpreterRuntime.cpp, line 428]
Event: 8.509 Thread 0x000002ccfce87160 Exception <a 'java/lang/NoSuchMethodError'{0x00000000eb45f720}: 'int java.lang.invoke.DirectMethodHandle$Holder.invokeSpecialIFC(java.lang.Object, java.lang.Object, java.lang.Object)'> (0x00000000eb45f720) 
thrown [s\src\hotspot\share\interpreter\linkResolver.cpp, line 759]
Event: 8.691 Thread 0x000002ccfce87b80 Exception <a 'java/lang/ArrayIndexOutOfBoundsException'{0x00000000ebda59e0}> (0x00000000ebda59e0) 
thrown [s\src\hotspot\share\runtime\sharedRuntime.cpp, line 628]
Event: 8.843 Thread 0x000002ccfce88ab0 Exception <a 'java/lang/NoSuchMethodError'{0x00000000eb6b4870}: 'java.lang.Object java.lang.invoke.DirectMethodHandle$Holder.invokeStatic(java.lang.Object, int, java.lang.Object, java.lang.Object, java.lang.Object, java.lang.Object)'> (0x00000000eb6b4870) 
thrown [s\src\hotspot\share\interpreter\linkResolver.cpp, line 759]
Event: 9.152 Thread 0x000002ccfce894d0 Exception <a 'sun/nio/fs/WindowsException'{0x00000000eb123a80}> (0x00000000eb123a80) 
thrown [s\src\hotspot\share\prims\jni.cpp, line 516]
Event: 9.397 Thread 0x000002ccfce85300 Exception <a 'java/lang/ArrayIndexOutOfBoundsException'{0x00000000eb619f18}: Index 543 out of bounds for length 543> (0x00000000eb619f18) 
thrown [s\src\hotspot\share\interpreter\interpreterRuntime.cpp, line 428]
Event: 9.624 Thread 0x000002ccfce88ab0 Exception <a 'java/lang/ArrayIndexOutOfBoundsException'{0x00000000ebbdd208}> (0x00000000ebbdd208) 
thrown [s\src\hotspot\share\runtime\sharedRuntime.cpp, line 628]
Event: 9.669 Thread 0x000002ccfce85300 Implicit null exception at 0x000002cc87ce05d3 to 0x000002cc87ce0724
Event: 9.782 Thread 0x000002ccfce85300 Exception <a 'java/lang/NoSuchMethodError'{0x00000000eaf9fa40}: 'void java.lang.invoke.DirectMethodHandle$Holder.invokeSpecial(java.lang.Object, java.lang.Object, int)'> (0x00000000eaf9fa40) 
thrown [s\src\hotspot\share\interpreter\linkResolver.cpp, line 759]
Event: 9.814 Thread 0x000002ccfce85300 Exception <a 'java/lang/ArrayIndexOutOfBoundsException'{0x00000000eb2dc818}: Index 2 out of bounds for length 2> (0x00000000eb2dc818) 
thrown [s\src\hotspot\share\interpreter\interpreterRuntime.cpp, line 428]
Event: 9.816 Thread 0x000002ccfce85300 Exception <a 'java/lang/ArrayIndexOutOfBoundsException'{0x00000000eb318048}: Index 2 out of bounds for length 2> (0x00000000eb318048) 
thrown [s\src\hotspot\share\interpreter\interpreterRuntime.cpp, line 428]
Event: 9.834 Thread 0x000002ccfce85300 Exception <a 'java/lang/NoSuchMethodError'{0x00000000eb3e1698}: 'java.lang.Object java.lang.invoke.DirectMethodHandle$Holder.invokeSpecial(java.lang.Object, java.lang.Object, long, java.lang.Object, java.lang.Object, java.lang.Object, java.lang.Object, java.lang.Object, java.lang.Object, java.lang.Object, java.lang.Object, java.lang.Object)'> (0x00000000eb3e1698) 
thrown [s\src\hotspot\share\interpreter\linkResolver.cpp, line 759]
Event: 9.835 Thread 0x000002ccfce85300 Exception <a 'java/lang/NoSuchMethodError'{0x00000000eb3e5e88}: 'java.lang.Object java.lang.invoke.DelegatingMethodHandle$Holder.reinvoke_L(java.lang.Object, long, java.lang.Object, java.lang.Object, java.lang.Object, java.lang.Object, java.lang.Object, java.lang.Object, java.lang.Object, java.lang.Object, java.lang.Object)'> (0x00000000eb3e5e88) 
thrown [s\src\hotspot\share\interpreter\linkResolver.cpp, line 759]

VM Operations (20 events):
Event: 9.153 Executing VM operation: HandshakeAllThreads
Event: 9.153 Executing VM operation: HandshakeAllThreads done
Event: 9.183 Executing VM operation: HandshakeAllThreads
Event: 9.183 Executing VM operation: HandshakeAllThreads done
Event: 9.197 Executing VM operation: ParallelGCFailedAllocation
Event: 9.200 Executing VM operation: ParallelGCFailedAllocation done
Event: 9.226 Executing VM operation: HandshakeAllThreads
Event: 9.227 Executing VM operation: HandshakeAllThreads done
Event: 9.245 Executing VM operation: ParallelGCFailedAllocation
Event: 9.282 Executing VM operation: ParallelGCFailedAllocation done
Event: 9.288 Executing VM operation: HandshakeAllThreads
Event: 9.288 Executing VM operation: HandshakeAllThreads done
Event: 9.321 Executing VM operation: ParallelGCFailedAllocation
Event: 9.329 Executing VM operation: ParallelGCFailedAllocation done
Event: 9.361 Executing VM operation: ParallelGCFailedAllocation
Event: 9.369 Executing VM operation: ParallelGCFailedAllocation done
Event: 9.673 Executing VM operation: ParallelGCFailedAllocation
Event: 9.749 Executing VM operation: ParallelGCFailedAllocation done
Event: 9.762 Executing VM operation: HandshakeAllThreads
Event: 9.762 Executing VM operation: HandshakeAllThreads done

Events (20 events):
Event: 9.297 Thread 0x000002ccfa073660 flushing nmethod 0x000002cc80d26b90
Event: 9.297 Thread 0x000002ccfa073660 flushing nmethod 0x000002cc80d28890
Event: 9.297 Thread 0x000002ccfa073660 flushing nmethod 0x000002cc80d2a410
Event: 9.297 Thread 0x000002ccfa073660 flushing nmethod 0x000002cc80d3cf10
Event: 9.297 Thread 0x000002ccfa073660 flushing nmethod 0x000002cc80d46b90
Event: 9.297 Thread 0x000002ccfa073660 flushing nmethod 0x000002cc80d5e110
Event: 9.297 Thread 0x000002ccfa073660 flushing nmethod 0x000002cc80d8b910
Event: 9.298 Thread 0x000002ccfa073660 flushing nmethod 0x000002cc80e0a110
Event: 9.299 Thread 0x000002ccfa073660 flushing nmethod 0x000002cc80f47e10
Event: 9.299 Thread 0x000002ccfa073660 flushing nmethod 0x000002cc80f4c490
Event: 9.402 Thread 0x000002ccfce894d0 Thread exited: 0x000002ccfce894d0
Event: 9.575 Thread 0x000002cc8fc78ca0 Thread exited: 0x000002cc8fc78ca0
Event: 9.826 loading class java/lang/invoke/BoundMethodHandle$Species_LLLLLLLLLL
Event: 9.827 loading class java/lang/invoke/BoundMethodHandle$Species_LLLLLLLLLL done
Event: 9.828 loading class java/lang/invoke/BoundMethodHandle$Species_LLLLLLLLLLL
Event: 9.828 loading class java/lang/invoke/BoundMethodHandle$Species_LLLLLLLLLLL done
Event: 9.832 loading class java/lang/invoke/BoundMethodHandle$Species_LLLLLLLLLLLL
Event: 9.833 loading class java/lang/invoke/BoundMethodHandle$Species_LLLLLLLLLLLL done
Event: 9.833 loading class java/lang/invoke/BoundMethodHandle$Species_LLLLLLLLLLLLL
Event: 9.834 loading class java/lang/invoke/BoundMethodHandle$Species_LLLLLLLLLLLLL done


Dynamic libraries:
0x00007ff73f5f0000 - 0x00007ff73f5fe000 	c:\Users\tseli\.vscode\extensions\redhat.java-1.22.0-win32-x64\jre\17.0.8.1-win32-x86_64\bin\java.exe
0x00007ffbf7490000 - 0x00007ffbf76a4000 	C:\Windows\SYSTEM32\ntdll.dll
0x00007ffbf62d0000 - 0x00007ffbf6394000 	C:\Windows\System32\KERNEL32.DLL
0x00007ffbf4df0000 - 0x00007ffbf5194000 	C:\Windows\System32\KERNELBASE.dll
0x00007ffbf4be0000 - 0x00007ffbf4cf1000 	C:\Windows\System32\ucrtbase.dll
0x00007ffbec470000 - 0x00007ffbec487000 	c:\Users\tseli\.vscode\extensions\redhat.java-1.22.0-win32-x64\jre\17.0.8.1-win32-x86_64\bin\jli.dll
0x00007ffbe9ad0000 - 0x00007ffbe9ae9000 	c:\Users\tseli\.vscode\extensions\redhat.java-1.22.0-win32-x64\jre\17.0.8.1-win32-x86_64\bin\VCRUNTIME140.dll
0x00007ffbf72a0000 - 0x00007ffbf744e000 	C:\Windows\System32\USER32.dll
0x00007ffbf4d00000 - 0x00007ffbf4d26000 	C:\Windows\System32\win32u.dll
0x00007ffbdad30000 - 0x00007ffbdafc3000 	C:\Windows\WinSxS\amd64_microsoft.windows.common-controls_6595b64144ccf1df_6.0.22621.2215_none_270d72677387dfc3\COMCTL32.dll
0x00007ffbf65d0000 - 0x00007ffbf65f9000 	C:\Windows\System32\GDI32.dll
0x00007ffbf4ac0000 - 0x00007ffbf4bd8000 	C:\Windows\System32\gdi32full.dll
0x00007ffbf71f0000 - 0x00007ffbf7297000 	C:\Windows\System32\msvcrt.dll
0x00007ffbf49b0000 - 0x00007ffbf4a4a000 	C:\Windows\System32\msvcp_win.dll
0x00007ffbf5330000 - 0x00007ffbf5361000 	C:\Windows\System32\IMM32.DLL
0x00007ffbed840000 - 0x00007ffbed84c000 	c:\Users\tseli\.vscode\extensions\redhat.java-1.22.0-win32-x64\jre\17.0.8.1-win32-x86_64\bin\vcruntime140_1.dll
0x00007ffbdf4a0000 - 0x00007ffbdf531000 	c:\Users\tseli\.vscode\extensions\redhat.java-1.22.0-win32-x64\jre\17.0.8.1-win32-x86_64\bin\msvcp140.dll
0x00007ffbad1e0000 - 0x00007ffbade2c000 	c:\Users\tseli\.vscode\extensions\redhat.java-1.22.0-win32-x64\jre\17.0.8.1-win32-x86_64\bin\server\jvm.dll
0x00007ffbf6520000 - 0x00007ffbf65d0000 	C:\Windows\System32\ADVAPI32.dll
0x00007ffbf6200000 - 0x00007ffbf62a6000 	C:\Windows\System32\sechost.dll
0x00007ffbf5370000 - 0x00007ffbf5487000 	C:\Windows\System32\RPCRT4.dll
0x00007ffbf3c20000 - 0x00007ffbf3c6d000 	C:\Windows\SYSTEM32\POWRPROF.dll
0x00007ffbec2e0000 - 0x00007ffbec2e9000 	C:\Windows\SYSTEM32\WSOCK32.dll
0x00007ffbf01b0000 - 0x00007ffbf01ba000 	C:\Windows\SYSTEM32\VERSION.dll
0x00007ffbec3a0000 - 0x00007ffbec3d4000 	C:\Windows\SYSTEM32\WINMM.dll
0x00007ffbf63a0000 - 0x00007ffbf6411000 	C:\Windows\System32\WS2_32.dll
0x00007ffbf3bc0000 - 0x00007ffbf3bd3000 	C:\Windows\SYSTEM32\UMPDC.dll
0x00007ffbf3900000 - 0x00007ffbf3918000 	C:\Windows\SYSTEM32\kernel.appcore.dll
0x00007ffbe9ce0000 - 0x00007ffbe9cea000 	c:\Users\tseli\.vscode\extensions\redhat.java-1.22.0-win32-x64\jre\17.0.8.1-win32-x86_64\bin\jimage.dll
0x00007ffbf1730000 - 0x00007ffbf195e000 	C:\Windows\SYSTEM32\DBGHELP.DLL
0x00007ffbf5bf0000 - 0x00007ffbf5f7a000 	C:\Windows\System32\combase.dll
0x00007ffbf6fc0000 - 0x00007ffbf7097000 	C:\Windows\System32\OLEAUT32.dll
0x00007ffbea570000 - 0x00007ffbea5a2000 	C:\Windows\SYSTEM32\dbgcore.DLL
0x00007ffbf51a0000 - 0x00007ffbf521a000 	C:\Windows\System32\bcryptPrimitives.dll
0x00007ffbe9bc0000 - 0x00007ffbe9bce000 	c:\Users\tseli\.vscode\extensions\redhat.java-1.22.0-win32-x64\jre\17.0.8.1-win32-x86_64\bin\instrument.dll
0x00007ffbe5150000 - 0x00007ffbe5175000 	c:\Users\tseli\.vscode\extensions\redhat.java-1.22.0-win32-x64\jre\17.0.8.1-win32-x86_64\bin\java.dll
0x00007ffbe9480000 - 0x00007ffbe9498000 	c:\Users\tseli\.vscode\extensions\redhat.java-1.22.0-win32-x64\jre\17.0.8.1-win32-x86_64\bin\zip.dll
0x00007ffbf6790000 - 0x00007ffbf6fb3000 	C:\Windows\System32\SHELL32.dll
0x00007ffbf2780000 - 0x00007ffbf306a000 	C:\Windows\SYSTEM32\windows.storage.dll
0x00007ffbf2640000 - 0x00007ffbf277e000 	C:\Windows\SYSTEM32\wintypes.dll
0x00007ffbf6690000 - 0x00007ffbf6783000 	C:\Windows\System32\SHCORE.dll
0x00007ffbf6420000 - 0x00007ffbf647e000 	C:\Windows\System32\shlwapi.dll
0x00007ffbf4770000 - 0x00007ffbf4796000 	C:\Windows\SYSTEM32\profapi.dll
0x00007ffbe87e0000 - 0x00007ffbe87f9000 	C:\Users\tseli\.vscode\extensions\redhat.java-1.22.0-win32-x64\jre\17.0.8.1-win32-x86_64\bin\net.dll
0x00007ffbee580000 - 0x00007ffbee6b7000 	C:\Windows\SYSTEM32\WINHTTP.dll
0x00007ffbf3e00000 - 0x00007ffbf3e69000 	C:\Windows\system32\mswsock.dll
0x00007ffbe6580000 - 0x00007ffbe6595000 	C:\Users\tseli\.vscode\extensions\redhat.java-1.22.0-win32-x64\jre\17.0.8.1-win32-x86_64\bin\nio.dll
0x00007ffbe9b40000 - 0x00007ffbe9b50000 	c:\Users\tseli\.vscode\extensions\redhat.java-1.22.0-win32-x64\jre\17.0.8.1-win32-x86_64\bin\verify.dll
0x00007ffbdf220000 - 0x00007ffbdf25e000 	C:\Users\tseli\AppData\Roaming\Code\User\globalStorage\redhat.java\1.22.0\config_win\org.eclipse.equinox.launcher\org.eclipse.equinox.launcher.win32.win32.x86_64_1.2.700.v20221108-1024\eclipse_11801.dll
0x00007ffbf5f80000 - 0x00007ffbf611e000 	C:\Windows\System32\ole32.dll
0x00007ffbf4050000 - 0x00007ffbf406b000 	C:\Windows\SYSTEM32\CRYPTSP.dll
0x00007ffbf3870000 - 0x00007ffbf38a5000 	C:\Windows\system32\rsaenh.dll
0x00007ffbf3ef0000 - 0x00007ffbf3f1c000 	C:\Windows\SYSTEM32\USERENV.dll
0x00007ffbf4210000 - 0x00007ffbf4238000 	C:\Windows\SYSTEM32\bcrypt.dll
0x00007ffbf4070000 - 0x00007ffbf407c000 	C:\Windows\SYSTEM32\CRYPTBASE.dll
0x00007ffbf32d0000 - 0x00007ffbf32fd000 	C:\Windows\SYSTEM32\IPHLPAPI.DLL
0x00007ffbf5be0000 - 0x00007ffbf5be9000 	C:\Windows\System32\NSI.dll
0x00007ffbed450000 - 0x00007ffbed469000 	C:\Windows\SYSTEM32\dhcpcsvc6.DLL
0x00007ffbed430000 - 0x00007ffbed44f000 	C:\Windows\SYSTEM32\dhcpcsvc.DLL
0x00007ffbf3340000 - 0x00007ffbf3432000 	C:\Windows\SYSTEM32\DNSAPI.dll
0x00007ffbdd240000 - 0x00007ffbdd285000 	C:\Users\tseli\AppData\Local\Temp\jna-110654915\jna16381108025811960117.dll
0x00007ffbf6480000 - 0x00007ffbf6488000 	C:\Windows\System32\PSAPI.DLL
0x00007ffbe9430000 - 0x00007ffbe943e000 	C:\Users\tseli\.vscode\extensions\redhat.java-1.22.0-win32-x64\jre\17.0.8.1-win32-x86_64\bin\sunmscapi.dll
0x00007ffbf4840000 - 0x00007ffbf49a6000 	C:\Windows\System32\CRYPT32.dll
0x00007ffbf41e0000 - 0x00007ffbf420e000 	C:\Windows\SYSTEM32\ncrypt.dll
0x00007ffbf41a0000 - 0x00007ffbf41d7000 	C:\Windows\SYSTEM32\NTASN1.dll

dbghelp: loaded successfully - version: 4.0.5 - missing functions: none
symbol engine: initialized successfully - sym options: 0x614 - pdb path: .;c:\Users\tseli\.vscode\extensions\redhat.java-1.22.0-win32-x64\jre\17.0.8.1-win32-x86_64\bin;C:\Windows\SYSTEM32;C:\Windows\WinSxS\amd64_microsoft.windows.common-controls_6595b64144ccf1df_6.0.22621.2215_none_270d72677387dfc3;c:\Users\tseli\.vscode\extensions\redhat.java-1.22.0-win32-x64\jre\17.0.8.1-win32-x86_64\bin\server;C:\Users\tseli\AppData\Roaming\Code\User\globalStorage\redhat.java\1.22.0\config_win\org.eclipse.equinox.launcher\org.eclipse.equinox.launcher.win32.win32.x86_64_1.2.700.v20221108-1024;C:\Users\tseli\AppData\Local\Temp\jna-110654915

VM Arguments:
jvm_args: --add-modules=ALL-SYSTEM --add-opens=java.base/java.util=ALL-UNNAMED --add-opens=java.base/java.lang=ALL-UNNAMED --add-opens=java.base/sun.nio.fs=ALL-UNNAMED -Declipse.application=org.eclipse.jdt.ls.core.id1 -Dosgi.bundles.defaultStartLevel=4 -Declipse.product=org.eclipse.jdt.ls.core.product -Djava.import.generatesMetadataFilesAtProjectRoot=false -DDetectVMInstallationsJob.disabled=true -Dfile.encoding=utf8 -XX:+UseParallelGC -XX:GCTimeRatio=4 -XX:AdaptiveSizePolicyWeight=90 -Dsun.zip.disableMemoryMapping=true -Xmx1G -Xms100m -Xlog:disable -javaagent:c:\Users\tseli\.vscode\extensions\redhat.java-1.22.0-win32-x64\lombok\lombok-1.18.28.jar -XX:+HeapDumpOnOutOfMemoryError -XX:HeapDumpPath=c:\Users\tseli\AppData\Roaming\Code\User\workspaceStorage\9e7183965239393691affd604b5ae629\redhat.java -Daether.dependencyCollector.impl=bf 
java_command: c:\Users\tseli\.vscode\extensions\redhat.java-1.22.0-win32-x64\server\plugins\org.eclipse.equinox.launcher_1.6.500.v20230717-2134.jar -configuration c:\Users\tseli\AppData\Roaming\Code\User\globalStorage\redhat.java\1.22.0\config_win -data c:\Users\tseli\AppData\Roaming\Code\User\workspaceStorage\9e7183965239393691affd604b5ae629\redhat.java\jdt_ws
java_class_path (initial): c:\Users\tseli\.vscode\extensions\redhat.java-1.22.0-win32-x64\server\plugins\org.eclipse.equinox.launcher_1.6.500.v20230717-2134.jar
Launcher Type: SUN_STANDARD

[Global flags]
    uintx AdaptiveSizePolicyWeight                 = 90                                        {product} {command line}
     intx CICompilerCount                          = 4                                         {product} {ergonomic}
    uintx GCTimeRatio                              = 4                                         {product} {command line}
     bool HeapDumpOnOutOfMemoryError               = true                                   {manageable} {command line}
    ccstr HeapDumpPath                             = c:\Users\tseli\AppData\Roaming\Code\User\workspaceStorage\9e7183965239393691affd604b5ae629\redhat.java         {manageable} {command line}
   size_t InitialHeapSize                          = 104857600                                 {product} {command line}
   size_t MaxHeapSize                              = 1073741824                                {product} {command line}
   size_t MaxNewSize                               = 357564416                                 {product} {ergonomic}
   size_t MinHeapDeltaBytes                        = 524288                                    {product} {ergonomic}
   size_t MinHeapSize                              = 104857600                                 {product} {command line}
   size_t NewSize                                  = 34603008                                  {product} {ergonomic}
    uintx NonNMethodCodeHeapSize                   = 5839372                                {pd product} {ergonomic}
    uintx NonProfiledCodeHeapSize                  = 122909434                              {pd product} {ergonomic}
   size_t OldSize                                  = 70254592                                  {product} {ergonomic}
    uintx ProfiledCodeHeapSize                     = 122909434                              {pd product} {ergonomic}
    uintx ReservedCodeCacheSize                    = 251658240                              {pd product} {ergonomic}
     bool SegmentedCodeCache                       = true                                      {product} {ergonomic}
   size_t SoftMaxHeapSize                          = 1073741824                             {manageable} {ergonomic}
     bool UseCompressedClassPointers               = true                           {product lp64_product} {ergonomic}
     bool UseCompressedOops                        = true                           {product lp64_product} {ergonomic}
     bool UseLargePagesIndividualAllocation        = false                                  {pd product} {ergonomic}
     bool UseParallelGC                            = true                                      {product} {command line}

Logging:
Log output configuration:
 #0: stdout all=off uptime,level,tags
 #1: stderr all=off uptime,level,tags

Environment Variables:
JAVA_HOME=C:\Users\tseli\AppData\Local\Programs\Eclipse Adoptium\jdk-17.0.8.101-hotspot\
PATH=C:\Program Files\Common Files\Oracle\Java\javapath;C:\Windows\system32;C:\Windows;C:\Windows\System32\Wbem;C:\Windows\System32\WindowsPowerShell\v1.0\;C:\Windows\System32\OpenSSH\;C:\Program Files\Java\jdk-20\bin;C:\Users\tseli\AppData\Local\Programs\Eclipse Adoptium\jdk-17.0.8.101-hotspot\bin;C:\Users\tseli\AppData\Local\Microsoft\WindowsApps;C:\Users\tseli\AppData\Local\Programs\Microsoft VS Code\bin
USERNAME=tseli
OS=Windows_NT
PROCESSOR_IDENTIFIER=Intel64 Family 6 Model 140 Stepping 1, GenuineIntel
TMP=C:\Users\tseli\AppData\Local\Temp
TEMP=C:\Users\tseli\AppData\Local\Temp



---------------  S Y S T E M  ---------------

OS:
 Windows 11 , 64 bit Build 22621 (10.0.22621.2215)
OS uptime: 0 days 17:44 hours
Hyper-V role detected

CPU: total 8 (initial active 8) (4 cores per cpu, 2 threads per core) family 6 model 140 stepping 1 microcode 0xa6, cx8, cmov, fxsr, ht, mmx, 3dnowpref, sse, sse2, sse3, ssse3, sse4.1, sse4.2, popcnt, lzcnt, tsc, tscinvbit, avx, avx2, aes, erms, clmul, bmi1, bmi2, adx, avx512f, avx512dq, avx512cd, avx512bw, avx512vl, sha, fma, vzeroupper, avx512_vpopcntdq, avx512_vpclmulqdq, avx512_vaes, avx512_vnni, clflush, clflushopt, clwb, avx512_vbmi2, avx512_vbmi, hv
Processor Information for processor 0
  Max Mhz: 2419, Current Mhz: 2419, Mhz Limit: 2419
Processor Information for processor 1
  Max Mhz: 2419, Current Mhz: 1209, Mhz Limit: 2419
Processor Information for processor 2
  Max Mhz: 2419, Current Mhz: 2419, Mhz Limit: 2419
Processor Information for processor 3
  Max Mhz: 2419, Current Mhz: 2419, Mhz Limit: 2419
Processor Information for processor 4
  Max Mhz: 2419, Current Mhz: 2419, Mhz Limit: 2419
Processor Information for processor 5
  Max Mhz: 2419, Current Mhz: 2419, Mhz Limit: 2419
Processor Information for processor 6
  Max Mhz: 2419, Current Mhz: 2419, Mhz Limit: 2419
Processor Information for processor 7
  Max Mhz: 2419, Current Mhz: 2419, Mhz Limit: 2419

Memory: 4k page, system-wide physical 7886M (504M free)
TotalPageFile size 15310M (AvailPageFile size 4212M)
current process WorkingSet (physical memory assigned to process): 338M, peak: 349M
current process commit charge ("private bytes"): 418M, peak: 425M

vm_info: OpenJDK 64-Bit Server VM (17.0.8.1+1) for windows-amd64 JRE (17.0.8.1+1), built on Aug 23 2023 15:29:17 by "admin" with MS VC++ 16.7 (VS2019)

END.
